<?xml version="1.0" encoding="UTF-8"?>
<coverage generated="1773164343556" clover="3.2.0">
  <project timestamp="1773164343556" name="All files">
    <metrics statements="3492" coveredstatements="3066" conditionals="4325" coveredconditionals="2892" methods="648" coveredmethods="577" elements="8465" coveredelements="6535" complexity="0" loc="3492" ncloc="3492" packages="17" files="102" classes="102"/>
    <package name="src">
      <metrics statements="12" coveredstatements="11" conditionals="2" coveredconditionals="1" methods="4" coveredmethods="3"/>
      <file name="app.ts" path="C:\Users\Erik\OneDrive\Desktop\SaaS\ShopifySaaS\shopify-profit-engine\apps\backend\src\app.ts">
        <metrics statements="12" coveredstatements="11" conditionals="2" coveredconditionals="1" methods="4" coveredmethods="3"/>
        <line num="12" count="10" type="stmt"/>
        <line num="18" count="10" type="stmt"/>
        <line num="47" count="10" type="stmt"/>
        <line num="48" count="10" type="stmt"/>
        <line num="51" count="10" type="stmt"/>
        <line num="52" count="2" type="stmt"/>
        <line num="57" count="10" type="stmt"/>
        <line num="59" count="10" type="stmt"/>
        <line num="61" count="0" type="stmt"/>
        <line num="65" count="10" type="stmt"/>
        <line num="66" count="10" type="stmt"/>
        <line num="70" count="10" type="stmt"/>
      </file>
    </package>
    <package name="src.domain">
      <metrics statements="187" coveredstatements="129" conditionals="179" coveredconditionals="107" methods="52" coveredmethods="44"/>
      <file name="actions.ts" path="C:\Users\Erik\OneDrive\Desktop\SaaS\ShopifySaaS\shopify-profit-engine\apps\backend\src\domain\actions.ts">
        <metrics statements="0" coveredstatements="0" conditionals="0" coveredconditionals="0" methods="0" coveredmethods="0"/>
      </file>
      <file name="cogs.ts" path="C:\Users\Erik\OneDrive\Desktop\SaaS\ShopifySaaS\shopify-profit-engine\apps\backend\src\domain\cogs.ts">
        <metrics statements="84" coveredstatements="29" conditionals="48" coveredconditionals="8" methods="15" coveredmethods="9"/>
        <line num="9" count="20" type="stmt"/>
        <line num="16" count="20" type="stmt"/>
        <line num="18" count="20" type="stmt"/>
        <line num="21" count="15" type="cond" truecount="1" falsecount="1"/>
        <line num="22" count="15" type="stmt"/>
        <line num="26" count="48" type="stmt"/>
        <line num="32" count="0" type="cond" truecount="0" falsecount="4"/>
        <line num="33" count="0" type="cond" truecount="0" falsecount="4"/>
        <line num="35" count="0" type="stmt"/>
        <line num="36" count="0" type="cond" truecount="0" falsecount="2"/>
        <line num="44" count="24" type="stmt"/>
        <line num="47" count="24" type="stmt"/>
        <line num="49" count="15" type="stmt"/>
        <line num="50" count="15" type="cond" truecount="1" falsecount="1"/>
        <line num="51" count="15" type="stmt"/>
        <line num="54" count="15" type="cond" truecount="2" falsecount="0"/>
        <line num="55" count="15" type="stmt"/>
        <line num="56" count="0" type="stmt"/>
        <line num="57" count="0" type="cond" truecount="0" falsecount="2"/>
        <line num="58" count="0" type="cond" truecount="0" falsecount="4"/>
        <line num="63" count="15" type="stmt"/>
        <line num="66" count="24" type="stmt"/>
        <line num="71" count="15" type="stmt"/>
        <line num="73" count="15" type="stmt"/>
        <line num="74" count="0" type="cond" truecount="0" falsecount="2"/>
        <line num="75" count="0" type="stmt"/>
        <line num="78" count="0" type="cond" truecount="0" falsecount="2"/>
        <line num="79" count="0" type="stmt"/>
        <line num="80" count="0" type="stmt"/>
        <line num="81" count="0" type="cond" truecount="0" falsecount="2"/>
        <line num="83" count="0" type="stmt"/>
        <line num="85" count="0" type="stmt"/>
        <line num="100" count="15" type="stmt"/>
        <line num="102" count="24" type="cond" truecount="2" falsecount="0"/>
        <line num="104" count="15" type="stmt"/>
        <line num="106" count="15" type="stmt"/>
        <line num="107" count="15" type="stmt"/>
        <line num="108" count="24" type="stmt"/>
        <line num="109" count="24" type="cond" truecount="1" falsecount="1"/>
        <line num="110" count="0" type="stmt"/>
        <line num="111" count="0" type="stmt"/>
        <line num="114" count="24" type="stmt"/>
        <line num="115" count="24" type="cond" truecount="1" falsecount="1"/>
        <line num="117" count="24" type="stmt"/>
        <line num="118" count="24" type="stmt"/>
        <line num="121" count="0" type="stmt"/>
        <line num="124" count="15" type="stmt"/>
        <line num="131" count="0" type="stmt"/>
        <line num="133" count="0" type="stmt"/>
        <line num="135" count="0" type="stmt"/>
        <line num="139" count="0" type="stmt"/>
        <line num="140" count="0" type="stmt"/>
        <line num="141" count="0" type="stmt"/>
        <line num="142" count="0" type="cond" truecount="0" falsecount="2"/>
        <line num="143" count="0" type="stmt"/>
        <line num="144" count="0" type="stmt"/>
        <line num="147" count="0" type="stmt"/>
        <line num="148" count="0" type="cond" truecount="0" falsecount="2"/>
        <line num="150" count="0" type="stmt"/>
        <line num="151" count="0" type="cond" truecount="0" falsecount="2"/>
        <line num="152" count="0" type="stmt"/>
        <line num="155" count="0" type="stmt"/>
        <line num="162" count="0" type="stmt"/>
        <line num="164" count="0" type="stmt"/>
        <line num="166" count="0" type="stmt"/>
        <line num="169" count="0" type="stmt"/>
        <line num="170" count="0" type="stmt"/>
        <line num="171" count="0" type="cond" truecount="0" falsecount="2"/>
        <line num="175" count="0" type="stmt"/>
        <line num="176" count="0" type="stmt"/>
        <line num="177" count="0" type="stmt"/>
        <line num="178" count="0" type="cond" truecount="0" falsecount="2"/>
        <line num="179" count="0" type="stmt"/>
        <line num="180" count="0" type="stmt"/>
        <line num="183" count="0" type="stmt"/>
        <line num="184" count="0" type="cond" truecount="0" falsecount="2"/>
        <line num="185" count="0" type="stmt"/>
        <line num="186" count="0" type="stmt"/>
        <line num="189" count="0" type="stmt"/>
        <line num="190" count="0" type="cond" truecount="0" falsecount="2"/>
        <line num="191" count="0" type="stmt"/>
        <line num="192" count="0" type="stmt"/>
        <line num="195" count="0" type="stmt"/>
        <line num="198" count="0" type="stmt"/>
      </file>
      <file name="insights.ts" path="C:\Users\Erik\OneDrive\Desktop\SaaS\ShopifySaaS\shopify-profit-engine\apps\backend\src\domain\insights.ts">
        <metrics statements="0" coveredstatements="0" conditionals="0" coveredconditionals="0" methods="0" coveredmethods="0"/>
      </file>
      <file name="metrics.ts" path="C:\Users\Erik\OneDrive\Desktop\SaaS\ShopifySaaS\shopify-profit-engine\apps\backend\src\domain\metrics.ts">
        <metrics statements="14" coveredstatements="13" conditionals="20" coveredconditionals="19" methods="4" coveredmethods="3"/>
        <line num="9" count="41" type="cond" truecount="2" falsecount="0"/>
        <line num="10" count="41" type="cond" truecount="2" falsecount="0"/>
        <line num="11" count="41" type="cond" truecount="2" falsecount="0"/>
        <line num="12" count="41" type="stmt"/>
        <line num="19" count="72" type="cond" truecount="2" falsecount="0"/>
        <line num="20" count="72" type="cond" truecount="2" falsecount="0"/>
        <line num="21" count="72" type="cond" truecount="2" falsecount="0"/>
        <line num="22" count="67" type="stmt"/>
        <line num="35" count="73" type="cond" truecount="2" falsecount="0"/>
        <line num="36" count="73" type="cond" truecount="2" falsecount="0"/>
        <line num="37" count="73" type="cond" truecount="2" falsecount="0"/>
        <line num="38" count="67" type="cond" truecount="1" falsecount="1"/>
        <line num="39" count="67" type="stmt"/>
        <line num="43" count="0" type="stmt"/>
      </file>
      <file name="profit.ts" path="C:\Users\Erik\OneDrive\Desktop\SaaS\ShopifySaaS\shopify-profit-engine\apps\backend\src\domain\profit.ts">
        <metrics statements="0" coveredstatements="0" conditionals="0" coveredconditionals="0" methods="0" coveredmethods="0"/>
      </file>
      <file name="profitDaily.ts" path="C:\Users\Erik\OneDrive\Desktop\SaaS\ShopifySaaS\shopify-profit-engine\apps\backend\src\domain\profitDaily.ts">
        <metrics statements="2" coveredstatements="2" conditionals="3" coveredconditionals="1" methods="1" coveredmethods="1"/>
        <line num="17" count="7" type="cond" truecount="1" falsecount="2"/>
        <line num="19" count="7" type="stmt"/>
      </file>
      <file name="profitImpact.ts" path="C:\Users\Erik\OneDrive\Desktop\SaaS\ShopifySaaS\shopify-profit-engine\apps\backend\src\domain\profitImpact.ts">
        <metrics statements="87" coveredstatements="85" conditionals="108" coveredconditionals="79" methods="32" coveredmethods="31"/>
        <line num="88" count="39" type="cond" truecount="4" falsecount="1"/>
        <line num="89" count="39" type="stmt"/>
        <line num="93" count="3" type="cond" truecount="1" falsecount="1"/>
        <line num="94" count="3" type="stmt"/>
        <line num="98" count="15" type="stmt"/>
        <line num="99" count="15" type="stmt"/>
        <line num="101" count="15" type="stmt"/>
        <line num="109" count="15" type="stmt"/>
        <line num="110" count="21" type="stmt"/>
        <line num="111" count="21" type="cond" truecount="2" falsecount="0"/>
        <line num="116" count="15" type="cond" truecount="5" falsecount="1"/>
        <line num="118" count="2" type="stmt"/>
        <line num="124" count="3" type="stmt"/>
        <line num="130" count="4" type="stmt"/>
        <line num="136" count="3" type="stmt"/>
        <line num="142" count="3" type="stmt"/>
        <line num="148" count="0" type="stmt"/>
        <line num="154" count="13" type="stmt"/>
        <line num="155" count="12" type="cond" truecount="2" falsecount="0"/>
        <line num="159" count="55" type="cond" truecount="2" falsecount="0"/>
        <line num="160" count="30" type="stmt"/>
        <line num="161" count="30" type="cond" truecount="1" falsecount="1"/>
        <line num="163" count="25" type="cond" truecount="1" falsecount="1"/>
        <line num="167" count="19" type="cond" truecount="1" falsecount="1"/>
        <line num="168" count="19" type="stmt"/>
        <line num="169" count="19" type="cond" truecount="1" falsecount="1"/>
        <line num="173" count="19" type="stmt"/>
        <line num="194" count="12" type="stmt"/>
        <line num="196" count="12" type="stmt"/>
        <line num="199" count="12" type="stmt"/>
        <line num="201" count="12" type="stmt"/>
        <line num="202" count="12" type="stmt"/>
        <line num="205" count="12" type="stmt"/>
        <line num="209" count="12" type="cond" truecount="4" falsecount="0"/>
        <line num="211" count="11" type="stmt"/>
        <line num="214" count="12" type="cond" truecount="1" falsecount="1"/>
        <line num="217" count="12" type="stmt"/>
        <line num="218" count="19" type="cond" truecount="5" falsecount="1"/>
        <line num="219" count="4" type="stmt"/>
        <line num="223" count="0" type="cond" truecount="0" falsecount="4"/>
        <line num="225" count="12" type="stmt"/>
        <line num="226" count="19" type="cond" truecount="5" falsecount="1"/>
        <line num="227" count="11" type="stmt"/>
        <line num="231" count="3" type="cond" truecount="2" falsecount="2"/>
        <line num="233" count="12" type="stmt"/>
        <line num="234" count="19" type="cond" truecount="1" falsecount="1"/>
        <line num="235" count="19" type="stmt"/>
        <line num="239" count="7" type="cond" truecount="2" falsecount="2"/>
        <line num="244" count="12" type="cond" truecount="4" falsecount="0"/>
        <line num="245" count="2" type="stmt"/>
        <line num="246" count="2" type="stmt"/>
        <line num="248" count="2" type="stmt"/>
        <line num="250" count="2" type="stmt"/>
        <line num="269" count="12" type="cond" truecount="4" falsecount="0"/>
        <line num="270" count="3" type="stmt"/>
        <line num="271" count="3" type="stmt"/>
        <line num="273" count="3" type="stmt"/>
        <line num="275" count="3" type="stmt"/>
        <line num="294" count="12" type="cond" truecount="4" falsecount="0"/>
        <line num="295" count="4" type="stmt"/>
        <line num="296" count="4" type="stmt"/>
        <line num="298" count="4" type="stmt"/>
        <line num="300" count="4" type="cond" truecount="2" falsecount="0"/>
        <line num="302" count="4" type="stmt"/>
        <line num="322" count="12" type="stmt"/>
        <line num="323" count="19" type="stmt"/>
        <line num="324" count="1" type="stmt"/>
        <line num="326" count="12" type="stmt"/>
        <line num="327" count="4" type="stmt"/>
        <line num="328" count="4" type="cond" truecount="1" falsecount="1"/>
        <line num="331" count="12" type="cond" truecount="2" falsecount="0"/>
        <line num="332" count="3" type="stmt"/>
        <line num="334" count="3" type="cond" truecount="2" falsecount="0"/>
        <line num="336" count="3" type="stmt"/>
        <line num="355" count="19" type="cond" truecount="1" falsecount="1"/>
        <line num="357" count="12" type="cond" truecount="2" falsecount="0"/>
        <line num="358" count="5" type="cond" truecount="1" falsecount="1"/>
        <line num="360" count="3" type="stmt"/>
        <line num="361" count="6" type="cond" truecount="5" falsecount="1"/>
        <line num="364" count="3" type="cond" truecount="1" falsecount="1"/>
        <line num="365" count="3" type="cond" truecount="1" falsecount="1"/>
        <line num="367" count="3" type="cond" truecount="2" falsecount="0"/>
        <line num="368" count="3" type="stmt"/>
        <line num="370" count="3" type="stmt"/>
        <line num="372" count="3" type="stmt"/>
        <line num="387" count="12" type="stmt"/>
        <line num="389" count="12" type="stmt"/>
      </file>
    </package>
    <package name="src.domain.actions">
      <metrics statements="116" coveredstatements="78" conditionals="131" coveredconditionals="47" methods="22" coveredmethods="18"/>
      <file name="actionLibrary.ts" path="C:\Users\Erik\OneDrive\Desktop\SaaS\ShopifySaaS\shopify-profit-engine\apps\backend\src\domain\actions\actionLibrary.ts">
        <metrics statements="37" coveredstatements="19" conditionals="39" coveredconditionals="8" methods="7" coveredmethods="6"/>
        <line num="18" count="6" type="cond" truecount="1" falsecount="10"/>
        <line num="20" count="0" type="stmt"/>
        <line num="28" count="0" type="stmt"/>
        <line num="35" count="6" type="stmt"/>
        <line num="42" count="0" type="stmt"/>
        <line num="49" count="0" type="stmt"/>
        <line num="57" count="0" type="stmt"/>
        <line num="64" count="0" type="stmt"/>
        <line num="71" count="0" type="stmt"/>
        <line num="79" count="0" type="stmt"/>
        <line num="87" count="0" type="stmt"/>
        <line num="94" count="0" type="stmt"/>
        <line num="99" count="6" type="cond" truecount="4" falsecount="7"/>
        <line num="102" count="0" type="stmt"/>
        <line num="107" count="6" type="stmt"/>
        <line num="112" count="0" type="stmt"/>
        <line num="114" count="0" type="stmt"/>
        <line num="119" count="6" type="cond" truecount="1" falsecount="10"/>
        <line num="123" count="6" type="stmt"/>
        <line num="127" count="0" type="stmt"/>
        <line num="132" count="0" type="stmt"/>
        <line num="134" count="0" type="stmt"/>
        <line num="139" count="2" type="stmt"/>
        <line num="146" count="0" type="cond" truecount="0" falsecount="2"/>
        <line num="147" count="0" type="stmt"/>
        <line num="153" count="2" type="stmt"/>
        <line num="155" count="2" type="cond" truecount="1" falsecount="1"/>
        <line num="156" count="4" type="stmt"/>
        <line num="162" count="2" type="stmt"/>
        <line num="166" count="2" type="stmt"/>
        <line num="167" count="2" type="stmt"/>
        <line num="168" count="2" type="stmt"/>
        <line num="169" count="6" type="stmt"/>
        <line num="170" count="6" type="cond" truecount="1" falsecount="1"/>
        <line num="171" count="6" type="stmt"/>
        <line num="172" count="6" type="stmt"/>
        <line num="175" count="2" type="stmt"/>
      </file>
      <file name="buildActionPlan.ts" path="C:\Users\Erik\OneDrive\Desktop\SaaS\ShopifySaaS\shopify-profit-engine\apps\backend\src\domain\actions\buildActionPlan.ts">
        <metrics statements="50" coveredstatements="37" conditionals="64" coveredconditionals="29" methods="9" coveredmethods="6"/>
        <line num="10" count="2" type="cond" truecount="4" falsecount="0"/>
        <line num="14" count="2" type="cond" truecount="2" falsecount="0"/>
        <line num="19" count="2" type="cond" truecount="1" falsecount="1"/>
        <line num="21" count="0" type="cond" truecount="0" falsecount="2"/>
        <line num="22" count="2" type="cond" truecount="1" falsecount="1"/>
        <line num="24" count="0" type="stmt"/>
        <line num="30" count="6" type="cond" truecount="2" falsecount="0"/>
        <line num="35" count="0" type="cond" truecount="0" falsecount="2"/>
        <line num="36" count="0" type="cond" truecount="0" falsecount="2"/>
        <line num="37" count="0" type="cond" truecount="0" falsecount="2"/>
        <line num="38" count="0" type="stmt"/>
        <line num="42" count="2" type="cond" truecount="1" falsecount="1"/>
        <line num="44" count="2" type="stmt"/>
        <line num="46" count="2" type="cond" truecount="1" falsecount="1"/>
        <line num="47" count="2" type="stmt"/>
        <line num="48" count="2" type="stmt"/>
        <line num="49" count="2" type="stmt"/>
        <line num="51" count="2" type="stmt"/>
        <line num="53" count="2" type="stmt"/>
        <line num="55" count="6" type="cond" truecount="2" falsecount="0"/>
        <line num="58" count="2" type="cond" truecount="1" falsecount="1"/>
        <line num="60" count="6" type="stmt"/>
        <line num="62" count="6" type="stmt"/>
        <line num="70" count="6" type="stmt"/>
        <line num="84" count="6" type="cond" truecount="1" falsecount="1"/>
        <line num="109" count="2" type="stmt"/>
        <line num="110" count="0" type="cond" truecount="0" falsecount="4"/>
        <line num="111" count="0" type="cond" truecount="0" falsecount="2"/>
        <line num="113" count="0" type="cond" truecount="0" falsecount="4"/>
        <line num="114" count="0" type="cond" truecount="0" falsecount="2"/>
        <line num="116" count="0" type="stmt"/>
        <line num="117" count="0" type="cond" truecount="0" falsecount="2"/>
        <line num="119" count="0" type="stmt"/>
        <line num="123" count="2" type="stmt"/>
        <line num="124" count="2" type="stmt"/>
        <line num="125" count="2" type="stmt"/>
        <line num="126" count="2" type="stmt"/>
        <line num="127" count="2" type="cond" truecount="1" falsecount="1"/>
        <line num="128" count="2" type="stmt"/>
        <line num="129" count="2" type="stmt"/>
        <line num="133" count="2" type="stmt"/>
        <line num="134" count="2" type="stmt"/>
        <line num="135" count="2" type="stmt"/>
        <line num="137" count="2" type="stmt"/>
        <line num="138" count="2" type="stmt"/>
        <line num="139" count="2" type="cond" truecount="2" falsecount="0"/>
        <line num="140" count="2" type="cond" truecount="1" falsecount="1"/>
        <line num="141" count="2" type="stmt"/>
        <line num="142" count="2" type="stmt"/>
        <line num="145" count="2" type="stmt"/>
      </file>
      <file name="index.ts" path="C:\Users\Erik\OneDrive\Desktop\SaaS\ShopifySaaS\shopify-profit-engine\apps\backend\src\domain\actions\index.ts">
        <metrics statements="0" coveredstatements="0" conditionals="0" coveredconditionals="0" methods="0" coveredmethods="0"/>
      </file>
      <file name="priority.ts" path="C:\Users\Erik\OneDrive\Desktop\SaaS\ShopifySaaS\shopify-profit-engine\apps\backend\src\domain\actions\priority.ts">
        <metrics statements="29" coveredstatements="22" conditionals="28" coveredconditionals="10" methods="6" coveredmethods="6"/>
        <line num="9" count="2" type="cond" truecount="1" falsecount="1"/>
        <line num="10" count="2" type="cond" truecount="1" falsecount="1"/>
        <line num="11" count="0" type="stmt"/>
        <line num="15" count="2" type="cond" truecount="1" falsecount="1"/>
        <line num="16" count="0" type="cond" truecount="0" falsecount="2"/>
        <line num="17" count="0" type="stmt"/>
        <line num="22" count="2" type="cond" truecount="1" falsecount="1"/>
        <line num="23" count="2" type="cond" truecount="1" falsecount="1"/>
        <line num="24" count="2" type="stmt"/>
        <line num="28" count="2" type="cond" truecount="1" falsecount="1"/>
        <line num="31" count="0" type="cond" truecount="0" falsecount="2"/>
        <line num="32" count="2" type="cond" truecount="1" falsecount="1"/>
        <line num="34" count="2" type="cond" truecount="1" falsecount="1"/>
        <line num="35" count="0" type="cond" truecount="0" falsecount="2"/>
        <line num="36" count="0" type="cond" truecount="0" falsecount="2"/>
        <line num="38" count="0" type="stmt"/>
        <line num="49" count="2" type="cond" truecount="1" falsecount="1"/>
        <line num="53" count="2" type="stmt"/>
        <line num="54" count="2" type="stmt"/>
        <line num="55" count="2" type="cond" truecount="1" falsecount="1"/>
        <line num="56" count="2" type="stmt"/>
        <line num="57" count="2" type="stmt"/>
        <line num="60" count="2" type="stmt"/>
        <line num="61" count="2" type="stmt"/>
        <line num="62" count="2" type="stmt"/>
        <line num="63" count="2" type="stmt"/>
        <line num="65" count="2" type="stmt"/>
        <line num="66" count="2" type="stmt"/>
        <line num="69" count="2" type="stmt"/>
      </file>
      <file name="types.ts" path="C:\Users\Erik\OneDrive\Desktop\SaaS\ShopifySaaS\shopify-profit-engine\apps\backend\src\domain\actions\types.ts">
        <metrics statements="0" coveredstatements="0" conditionals="0" coveredconditionals="0" methods="0" coveredmethods="0"/>
      </file>
    </package>
    <package name="src.domain.costModel">
      <metrics statements="92" coveredstatements="71" conditionals="145" coveredconditionals="88" methods="14" coveredmethods="12"/>
      <file name="defaults.ts" path="C:\Users\Erik\OneDrive\Desktop\SaaS\ShopifySaaS\shopify-profit-engine\apps\backend\src\domain\costModel\defaults.ts">
        <metrics statements="1" coveredstatements="1" conditionals="0" coveredconditionals="0" methods="0" coveredmethods="0"/>
        <line num="4" count="13" type="stmt"/>
      </file>
      <file name="fingerprint.ts" path="C:\Users\Erik\OneDrive\Desktop\SaaS\ShopifySaaS\shopify-profit-engine\apps\backend\src\domain\costModel\fingerprint.ts">
        <metrics statements="17" coveredstatements="17" conditionals="8" coveredconditionals="7" methods="4" coveredmethods="4"/>
        <line num="4" count="25" type="stmt"/>
        <line num="6" count="25" type="stmt"/>
        <line num="7" count="830" type="cond" truecount="4" falsecount="0"/>
        <line num="8" count="296" type="cond" truecount="1" falsecount="1"/>
        <line num="9" count="296" type="stmt"/>
        <line num="11" count="296" type="cond" truecount="2" falsecount="0"/>
        <line num="13" count="271" type="stmt"/>
        <line num="14" count="271" type="stmt"/>
        <line num="15" count="805" type="stmt"/>
        <line num="16" count="271" type="stmt"/>
        <line num="19" count="25" type="stmt"/>
        <line num="24" count="25" type="stmt"/>
        <line num="25" count="25" type="stmt"/>
        <line num="26" count="19354" type="stmt"/>
        <line num="27" count="19354" type="stmt"/>
        <line num="29" count="25" type="stmt"/>
        <line num="33" count="25" type="stmt"/>
      </file>
      <file name="fixedCosts.monthlyItems.ts" path="C:\Users\Erik\OneDrive\Desktop\SaaS\ShopifySaaS\shopify-profit-engine\apps\backend\src\domain\costModel\fixedCosts.monthlyItems.ts">
        <metrics statements="14" coveredstatements="3" conditionals="30" coveredconditionals="1" methods="2" coveredmethods="1"/>
        <line num="5" count="0" type="cond" truecount="0" falsecount="4"/>
        <line num="7" count="0" type="cond" truecount="0" falsecount="2"/>
        <line num="8" count="0" type="cond" truecount="0" falsecount="2"/>
        <line num="9" count="0" type="cond" truecount="0" falsecount="2"/>
        <line num="10" count="0" type="cond" truecount="0" falsecount="2"/>
        <line num="11" count="0" type="cond" truecount="0" falsecount="2"/>
        <line num="13" count="0" type="cond" truecount="0" falsecount="4"/>
        <line num="14" count="0" type="cond" truecount="0" falsecount="4"/>
        <line num="16" count="0" type="stmt"/>
        <line num="26" count="67" type="stmt"/>
        <line num="27" count="67" type="stmt"/>
        <line num="28" count="0" type="cond" truecount="0" falsecount="2"/>
        <line num="29" count="0" type="cond" truecount="0" falsecount="2"/>
        <line num="32" count="67" type="cond" truecount="1" falsecount="1"/>
      </file>
      <file name="overrides.parse.ts" path="C:\Users\Erik\OneDrive\Desktop\SaaS\ShopifySaaS\shopify-profit-engine\apps\backend\src\domain\costModel\overrides.parse.ts">
        <metrics statements="32" coveredstatements="23" conditionals="74" coveredconditionals="54" methods="1" coveredmethods="1"/>
        <line num="12" count="25" type="cond" truecount="3" falsecount="1"/>
        <line num="15" count="25" type="cond" truecount="3" falsecount="0"/>
        <line num="16" count="25" type="cond" truecount="3" falsecount="0"/>
        <line num="19" count="25" type="cond" truecount="4" falsecount="0"/>
        <line num="21" count="25" type="cond" truecount="2" falsecount="0"/>
        <line num="22" count="25" type="cond" truecount="3" falsecount="0"/>
        <line num="25" count="25" type="cond" truecount="2" falsecount="2"/>
        <line num="27" count="25" type="cond" truecount="3" falsecount="0"/>
        <line num="28" count="25" type="cond" truecount="3" falsecount="0"/>
        <line num="29" count="25" type="cond" truecount="3" falsecount="0"/>
        <line num="31" count="25" type="stmt"/>
        <line num="33" count="25" type="cond" truecount="4" falsecount="0"/>
        <line num="34" count="5" type="stmt"/>
        <line num="35" count="5" type="cond" truecount="2" falsecount="0"/>
        <line num="36" count="5" type="cond" truecount="2" falsecount="0"/>
        <line num="39" count="25" type="cond" truecount="2" falsecount="0"/>
        <line num="40" count="5" type="stmt"/>
        <line num="43" count="25" type="cond" truecount="2" falsecount="3"/>
        <line num="44" count="0" type="stmt"/>
        <line num="47" count="25" type="cond" truecount="2" falsecount="0"/>
        <line num="48" count="1" type="stmt"/>
        <line num="52" count="25" type="cond" truecount="1" falsecount="1"/>
        <line num="57" count="0" type="stmt"/>
        <line num="59" count="0" type="cond" truecount="0" falsecount="2"/>
        <line num="60" count="0" type="stmt"/>
        <line num="61" count="0" type="cond" truecount="0" falsecount="5"/>
        <line num="62" count="0" type="stmt"/>
        <line num="66" count="0" type="cond" truecount="0" falsecount="2"/>
        <line num="68" count="0" type="cond" truecount="0" falsecount="2"/>
        <line num="70" count="0" type="cond" truecount="0" falsecount="2"/>
        <line num="74" count="25" type="cond" truecount="7" falsecount="0"/>
        <line num="75" count="5" type="stmt"/>
      </file>
      <file name="resolve.ts" path="C:\Users\Erik\OneDrive\Desktop\SaaS\ShopifySaaS\shopify-profit-engine\apps\backend\src\domain\costModel\resolve.ts">
        <metrics statements="24" coveredstatements="23" conditionals="20" coveredconditionals="15" methods="3" coveredmethods="2"/>
        <line num="22" count="42" type="stmt"/>
        <line num="23" count="42" type="stmt"/>
        <line num="24" count="42" type="stmt"/>
        <line num="26" count="42" type="stmt"/>
        <line num="29" count="42" type="stmt"/>
        <line num="31" count="42" type="stmt"/>
        <line num="33" count="42" type="stmt"/>
        <line num="65" count="25" type="stmt"/>
        <line num="66" count="25" type="stmt"/>
        <line num="68" count="25" type="stmt"/>
        <line num="69" count="25" type="stmt"/>
        <line num="70" count="25" type="stmt"/>
        <line num="72" count="25" type="stmt"/>
        <line num="73" count="25" type="stmt"/>
        <line num="75" count="25" type="stmt"/>
        <line num="76" count="25" type="stmt"/>
        <line num="77" count="25" type="stmt"/>
        <line num="80" count="25" type="cond" truecount="2" falsecount="2"/>
        <line num="81" count="0" type="stmt"/>
        <line num="84" count="25" type="stmt"/>
        <line num="86" count="25" type="stmt"/>
        <line num="119" count="25" type="stmt"/>
        <line num="127" count="25" type="stmt"/>
        <line num="129" count="25" type="stmt"/>
      </file>
      <file name="resolve.utils.ts" path="C:\Users\Erik\OneDrive\Desktop\SaaS\ShopifySaaS\shopify-profit-engine\apps\backend\src\domain\costModel\resolve.utils.ts">
        <metrics statements="4" coveredstatements="4" conditionals="13" coveredconditionals="11" methods="4" coveredmethods="4"/>
        <line num="5" count="141" type="cond" truecount="3" falsecount="1"/>
        <line num="9" count="42" type="cond" truecount="3" falsecount="1"/>
        <line num="13" count="25" type="cond" truecount="2" falsecount="0"/>
        <line num="17" count="25" type="cond" truecount="3" falsecount="0"/>
      </file>
    </package>
    <package name="src.domain.health">
      <metrics statements="160" coveredstatements="109" conditionals="279" coveredconditionals="138" methods="16" coveredmethods="14"/>
      <file name="healthConfig.ts" path="C:\Users\Erik\OneDrive\Desktop\SaaS\ShopifySaaS\shopify-profit-engine\apps\backend\src\domain\health\healthConfig.ts">
        <metrics statements="1" coveredstatements="1" conditionals="0" coveredconditionals="0" methods="1" coveredmethods="1"/>
        <line num="86" count="9" type="stmt"/>
      </file>
      <file name="profitHealth.governance.ts" path="C:\Users\Erik\OneDrive\Desktop\SaaS\ShopifySaaS\shopify-profit-engine\apps\backend\src\domain\health\profitHealth.governance.ts">
        <metrics statements="12" coveredstatements="11" conditionals="10" coveredconditionals="7" methods="1" coveredmethods="1"/>
        <line num="14" count="9" type="stmt"/>
        <line num="16" count="9" type="cond" truecount="3" falsecount="1"/>
        <line num="17" count="0" type="stmt"/>
        <line num="20" count="9" type="stmt"/>
        <line num="21" count="9" type="stmt"/>
        <line num="22" count="9" type="stmt"/>
        <line num="25" count="9" type="cond" truecount="2" falsecount="0"/>
        <line num="31" count="8" type="stmt"/>
        <line num="32" count="8" type="cond" truecount="1" falsecount="1"/>
        <line num="33" count="8" type="cond" truecount="1" falsecount="1"/>
        <line num="35" count="8" type="stmt"/>
        <line num="37" count="8" type="stmt"/>
      </file>
      <file name="profitHealth.scoring.ts" path="C:\Users\Erik\OneDrive\Desktop\SaaS\ShopifySaaS\shopify-profit-engine\apps\backend\src\domain\health\profitHealth.scoring.ts">
        <metrics statements="35" coveredstatements="22" conditionals="37" coveredconditionals="20" methods="6" coveredmethods="5"/>
        <line num="8" count="42" type="stmt"/>
        <line num="12" count="36" type="cond" truecount="4" falsecount="1"/>
        <line num="13" count="36" type="stmt"/>
        <line num="17" count="9" type="cond" truecount="1" falsecount="1"/>
        <line num="19" count="9" type="cond" truecount="1" falsecount="1"/>
        <line num="21" count="9" type="cond" truecount="1" falsecount="1"/>
        <line num="22" count="0" type="stmt"/>
        <line num="23" count="0" type="stmt"/>
        <line num="26" count="9" type="cond" truecount="1" falsecount="1"/>
        <line num="27" count="0" type="stmt"/>
        <line num="28" count="0" type="stmt"/>
        <line num="31" count="9" type="cond" truecount="1" falsecount="1"/>
        <line num="32" count="0" type="stmt"/>
        <line num="33" count="0" type="stmt"/>
        <line num="36" count="9" type="stmt"/>
        <line num="40" count="45" type="cond" truecount="1" falsecount="1"/>
        <line num="42" count="45" type="cond" truecount="2" falsecount="0"/>
        <line num="44" count="25" type="cond" truecount="2" falsecount="0"/>
        <line num="45" count="9" type="stmt"/>
        <line num="46" count="9" type="stmt"/>
        <line num="49" count="16" type="cond" truecount="2" falsecount="0"/>
        <line num="50" count="8" type="stmt"/>
        <line num="51" count="8" type="stmt"/>
        <line num="54" count="8" type="cond" truecount="1" falsecount="1"/>
        <line num="55" count="0" type="stmt"/>
        <line num="56" count="0" type="stmt"/>
        <line num="59" count="8" type="stmt"/>
        <line num="63" count="0" type="cond" truecount="0" falsecount="2"/>
        <line num="64" count="0" type="cond" truecount="0" falsecount="2"/>
        <line num="65" count="0" type="cond" truecount="0" falsecount="2"/>
        <line num="66" count="0" type="cond" truecount="0" falsecount="2"/>
        <line num="67" count="0" type="stmt"/>
        <line num="71" count="9" type="cond" truecount="2" falsecount="0"/>
        <line num="72" count="8" type="cond" truecount="1" falsecount="1"/>
        <line num="73" count="8" type="stmt"/>
      </file>
      <file name="profitHealth.ts" path="C:\Users\Erik\OneDrive\Desktop\SaaS\ShopifySaaS\shopify-profit-engine\apps\backend\src\domain\health\profitHealth.ts">
        <metrics statements="103" coveredstatements="66" conditionals="224" coveredconditionals="105" methods="3" coveredmethods="2"/>
        <line num="35" count="9" type="cond" truecount="2" falsecount="0"/>
        <line num="37" count="9" type="cond" truecount="1" falsecount="1"/>
        <line num="38" count="9" type="cond" truecount="2" falsecount="0"/>
        <line num="39" count="9" type="cond" truecount="1" falsecount="1"/>
        <line num="40" count="9" type="cond" truecount="2" falsecount="0"/>
        <line num="41" count="9" type="cond" truecount="1" falsecount="1"/>
        <line num="42" count="9" type="cond" truecount="1" falsecount="1"/>
        <line num="45" count="9" type="cond" truecount="3" falsecount="1"/>
        <line num="46" count="9" type="cond" truecount="1" falsecount="1"/>
        <line num="48" count="9" type="stmt"/>
        <line num="49" count="9" type="stmt"/>
        <line num="50" count="9" type="stmt"/>
        <line num="52" count="9" type="stmt"/>
        <line num="53" count="9" type="stmt"/>
        <line num="54" count="9" type="stmt"/>
        <line num="55" count="9" type="stmt"/>
        <line num="62" count="9" type="stmt"/>
        <line num="63" count="9" type="cond" truecount="1" falsecount="1"/>
        <line num="65" count="9" type="cond" truecount="4" falsecount="1"/>
        <line num="66" count="0" type="cond" truecount="0" falsecount="2"/>
        <line num="68" count="0" type="stmt"/>
        <line num="69" count="0" type="cond" truecount="0" falsecount="2"/>
        <line num="71" count="0" type="cond" truecount="0" falsecount="2"/>
        <line num="78" count="0" type="cond" truecount="0" falsecount="6"/>
        <line num="80" count="0" type="cond" truecount="0" falsecount="4"/>
        <line num="81" count="0" type="cond" truecount="0" falsecount="4"/>
        <line num="83" count="0" type="stmt"/>
        <line num="86" count="0" type="stmt"/>
        <line num="87" count="0" type="cond" truecount="0" falsecount="2"/>
        <line num="88" count="0" type="stmt"/>
        <line num="91" count="0" type="stmt"/>
        <line num="92" count="0" type="cond" truecount="0" falsecount="2"/>
        <line num="93" count="0" type="stmt"/>
        <line num="96" count="0" type="stmt"/>
        <line num="98" count="0" type="stmt"/>
        <line num="99" count="0" type="stmt"/>
        <line num="102" count="0" type="stmt"/>
        <line num="103" count="0" type="cond" truecount="0" falsecount="6"/>
        <line num="104" count="0" type="cond" truecount="0" falsecount="2"/>
        <line num="105" count="0" type="cond" truecount="0" falsecount="2"/>
        <line num="106" count="0" type="cond" truecount="0" falsecount="2"/>
        <line num="107" count="0" type="stmt"/>
        <line num="108" count="0" type="stmt"/>
        <line num="115" count="9" type="stmt"/>
        <line num="116" count="9" type="stmt"/>
        <line num="118" count="9" type="stmt"/>
        <line num="119" count="9" type="stmt"/>
        <line num="121" count="9" type="cond" truecount="1" falsecount="1"/>
        <line num="127" count="9" type="stmt"/>
        <line num="128" count="9" type="stmt"/>
        <line num="129" count="9" type="cond" truecount="1" falsecount="1"/>
        <line num="130" count="9" type="cond" truecount="1" falsecount="1"/>
        <line num="135" count="9" type="stmt"/>
        <line num="137" count="9" type="cond" truecount="4" falsecount="1"/>
        <line num="138" count="9" type="stmt"/>
        <line num="139" count="9" type="stmt"/>
        <line num="144" count="9" type="stmt"/>
        <line num="146" count="9" type="stmt"/>
        <line num="148" count="9" type="cond" truecount="1" falsecount="1"/>
        <line num="153" count="0" type="stmt"/>
        <line num="154" count="0" type="cond" truecount="0" falsecount="2"/>
        <line num="155" count="0" type="cond" truecount="0" falsecount="2"/>
        <line num="159" count="9" type="stmt"/>
        <line num="160" count="9" type="cond" truecount="1" falsecount="1"/>
        <line num="161" count="9" type="cond" truecount="1" falsecount="1"/>
        <line num="162" count="9" type="cond" truecount="1" falsecount="1"/>
        <line num="163" count="9" type="cond" truecount="1" falsecount="1"/>
        <line num="165" count="9" type="stmt"/>
        <line num="168" count="9" type="stmt"/>
        <line num="177" count="9" type="stmt"/>
        <line num="180" count="9" type="stmt"/>
        <line num="181" count="9" type="stmt"/>
        <line num="183" count="9" type="stmt"/>
        <line num="185" count="9" type="stmt"/>
        <line num="196" count="9" type="stmt"/>
        <line num="213" count="9" type="stmt"/>
        <line num="215" count="9" type="cond" truecount="1" falsecount="1"/>
        <line num="216" count="0" type="stmt"/>
        <line num="228" count="9" type="cond" truecount="4" falsecount="0"/>
        <line num="229" count="8" type="stmt"/>
        <line num="243" count="9" type="cond" truecount="1" falsecount="1"/>
        <line num="244" count="0" type="stmt"/>
        <line num="253" count="9" type="cond" truecount="1" falsecount="1"/>
        <line num="254" count="0" type="stmt"/>
        <line num="265" count="9" type="cond" truecount="3" falsecount="1"/>
        <line num="266" count="0" type="stmt"/>
        <line num="277" count="9" type="cond" truecount="3" falsecount="1"/>
        <line num="278" count="0" type="stmt"/>
        <line num="289" count="9" type="cond" truecount="3" falsecount="1"/>
        <line num="290" count="0" type="stmt"/>
        <line num="301" count="9" type="cond" truecount="4" falsecount="0"/>
        <line num="302" count="8" type="stmt"/>
        <line num="313" count="9" type="cond" truecount="4" falsecount="0"/>
        <line num="314" count="8" type="stmt"/>
        <line num="325" count="9" type="cond" truecount="1" falsecount="1"/>
        <line num="333" count="0" type="cond" truecount="0" falsecount="2"/>
        <line num="334" count="0" type="stmt"/>
        <line num="346" count="9" type="cond" truecount="2" falsecount="2"/>
        <line num="347" count="0" type="stmt"/>
        <line num="362" count="9" type="stmt"/>
        <line num="363" count="32" type="stmt"/>
        <line num="366" count="9" type="stmt"/>
        <line num="414" count="0" type="stmt"/>
      </file>
      <file name="profitHealth.weights.ts" path="C:\Users\Erik\OneDrive\Desktop\SaaS\ShopifySaaS\shopify-profit-engine\apps\backend\src\domain\health\profitHealth.weights.ts">
        <metrics statements="9" coveredstatements="9" conditionals="8" coveredconditionals="6" methods="5" coveredmethods="5"/>
        <line num="7" count="72" type="cond" truecount="2" falsecount="0"/>
        <line num="8" count="54" type="stmt"/>
        <line num="10" count="9" type="stmt"/>
        <line num="11" count="54" type="cond" truecount="1" falsecount="1"/>
        <line num="12" count="72" type="cond" truecount="2" falsecount="0"/>
        <line num="14" count="9" type="stmt"/>
        <line num="18" count="16" type="stmt"/>
        <line num="19" count="16" type="stmt"/>
        <line num="29" count="24" type="stmt"/>
      </file>
    </package>
    <package name="src.domain.insights">
      <metrics statements="367" coveredstatements="333" conditionals="512" coveredconditionals="343" methods="75" coveredmethods="67"/>
      <file name="adIntelligence.ts" path="C:\Users\Erik\OneDrive\Desktop\SaaS\ShopifySaaS\shopify-profit-engine\apps\backend\src\domain\insights\adIntelligence.ts">
        <metrics statements="38" coveredstatements="34" conditionals="46" coveredconditionals="32" methods="2" coveredmethods="2"/>
        <line num="9" count="3" type="cond" truecount="1" falsecount="1"/>
        <line num="10" count="3" type="cond" truecount="1" falsecount="1"/>
        <line num="11" count="3" type="cond" truecount="1" falsecount="1"/>
        <line num="13" count="3" type="cond" truecount="1" falsecount="1"/>
        <line num="14" count="3" type="stmt"/>
        <line num="15" count="3" type="cond" truecount="3" falsecount="1"/>
        <line num="17" count="3" type="stmt"/>
        <line num="31" count="6" type="stmt"/>
        <line num="33" count="6" type="cond" truecount="2" falsecount="0"/>
        <line num="34" count="6" type="cond" truecount="2" falsecount="0"/>
        <line num="35" count="6" type="stmt"/>
        <line num="37" count="6" type="cond" truecount="4" falsecount="0"/>
        <line num="39" count="3" type="stmt"/>
        <line num="52" count="6" type="cond" truecount="8" falsecount="0"/>
        <line num="53" count="1" type="stmt"/>
        <line num="55" count="1" type="cond" truecount="1" falsecount="1"/>
        <line num="56" count="1" type="stmt"/>
        <line num="58" count="1" type="stmt"/>
        <line num="59" count="1" type="stmt"/>
        <line num="60" count="1" type="stmt"/>
        <line num="62" count="1" type="cond" truecount="1" falsecount="3"/>
        <line num="63" count="0" type="stmt"/>
        <line num="64" count="0" type="stmt"/>
        <line num="66" count="2" type="stmt"/>
        <line num="67" count="2" type="stmt"/>
        <line num="68" count="2" type="stmt"/>
        <line num="69" count="2" type="stmt"/>
        <line num="72" count="3" type="stmt"/>
        <line num="73" count="3" type="cond" truecount="2" falsecount="0"/>
        <line num="74" count="1" type="stmt"/>
        <line num="75" count="1" type="stmt"/>
        <line num="76" count="1" type="stmt"/>
        <line num="77" count="2" type="cond" truecount="1" falsecount="1"/>
        <line num="78" count="0" type="stmt"/>
        <line num="79" count="0" type="stmt"/>
        <line num="80" count="2" type="cond" truecount="1" falsecount="1"/>
        <line num="81" count="2" type="stmt"/>
        <line num="84" count="3" type="stmt"/>
      </file>
      <file name="adsAllocation.ts" path="C:\Users\Erik\OneDrive\Desktop\SaaS\ShopifySaaS\shopify-profit-engine\apps\backend\src\domain\insights\adsAllocation.ts">
        <metrics statements="34" coveredstatements="24" conditionals="16" coveredconditionals="5" methods="13" coveredmethods="7"/>
        <line num="8" count="6" type="cond" truecount="1" falsecount="1"/>
        <line num="9" count="6" type="cond" truecount="1" falsecount="1"/>
        <line num="22" count="0" type="stmt"/>
        <line num="26" count="0" type="stmt"/>
        <line num="32" count="0" type="stmt"/>
        <line num="38" count="0" type="stmt"/>
        <line num="39" count="0" type="cond" truecount="0" falsecount="2"/>
        <line num="40" count="0" type="stmt"/>
        <line num="56" count="0" type="cond" truecount="0" falsecount="1"/>
        <line num="57" count="0" type="cond" truecount="0" falsecount="1"/>
        <line num="59" count="2" type="stmt"/>
        <line num="61" count="2" type="stmt"/>
        <line num="66" count="2" type="stmt"/>
        <line num="72" count="2" type="stmt"/>
        <line num="73" count="2" type="stmt"/>
        <line num="74" count="2" type="cond" truecount="1" falsecount="1"/>
        <line num="76" count="2" type="stmt"/>
        <line num="77" count="2" type="stmt"/>
        <line num="79" count="2" type="stmt"/>
        <line num="81" count="2" type="cond" truecount="1" falsecount="1"/>
        <line num="82" count="2" type="stmt"/>
        <line num="83" count="2" type="stmt"/>
        <line num="86" count="2" type="stmt"/>
        <line num="105" count="0" type="cond" truecount="0" falsecount="1"/>
        <line num="106" count="0" type="cond" truecount="0" falsecount="1"/>
        <line num="107" count="2" type="stmt"/>
        <line num="109" count="2" type="stmt"/>
        <line num="115" count="2" type="stmt"/>
        <line num="120" count="2" type="stmt"/>
        <line num="121" count="2" type="stmt"/>
        <line num="122" count="2" type="cond" truecount="1" falsecount="1"/>
        <line num="124" count="2" type="stmt"/>
        <line num="125" count="2" type="stmt"/>
        <line num="127" count="2" type="stmt"/>
      </file>
      <file name="breakEvenRisk.ts" path="C:\Users\Erik\OneDrive\Desktop\SaaS\ShopifySaaS\shopify-profit-engine\apps\backend\src\domain\insights\breakEvenRisk.ts">
        <metrics statements="11" coveredstatements="11" conditionals="37" coveredconditionals="21" methods="1" coveredmethods="1"/>
        <line num="35" count="2" type="cond" truecount="1" falsecount="1"/>
        <line num="36" count="2" type="cond" truecount="1" falsecount="1"/>
        <line num="38" count="2" type="cond" truecount="1" falsecount="1"/>
        <line num="39" count="2" type="cond" truecount="1" falsecount="1"/>
        <line num="40" count="2" type="cond" truecount="1" falsecount="1"/>
        <line num="42" count="2" type="cond" truecount="1" falsecount="1"/>
        <line num="45" count="2" type="cond" truecount="3" falsecount="1"/>
        <line num="47" count="2" type="cond" truecount="4" falsecount="1"/>
        <line num="51" count="2" type="cond" truecount="3" falsecount="1"/>
        <line num="54" count="2" type="cond" truecount="1" falsecount="1"/>
        <line num="58" count="2" type="stmt"/>
      </file>
      <file name="cmDecomposition.core.ts" path="C:\Users\Erik\OneDrive\Desktop\SaaS\ShopifySaaS\shopify-profit-engine\apps\backend\src\domain\insights\cmDecomposition.core.ts">
        <metrics statements="73" coveredstatements="57" conditionals="92" coveredconditionals="52" methods="7" coveredmethods="6"/>
        <line num="14" count="2" type="stmt"/>
        <line num="16" count="2" type="cond" truecount="1" falsecount="1"/>
        <line num="17" count="2" type="cond" truecount="1" falsecount="1"/>
        <line num="18" count="2" type="cond" truecount="1" falsecount="1"/>
        <line num="19" count="2" type="cond" truecount="1" falsecount="1"/>
        <line num="22" count="2" type="cond" truecount="6" falsecount="0"/>
        <line num="29" count="2" type="cond" truecount="1" falsecount="1"/>
        <line num="30" count="0" type="stmt"/>
        <line num="31" count="0" type="stmt"/>
        <line num="34" count="2" type="stmt"/>
        <line num="35" count="2" type="stmt"/>
        <line num="37" count="2" type="stmt"/>
        <line num="38" count="2" type="stmt"/>
        <line num="39" count="2" type="stmt"/>
        <line num="41" count="2" type="stmt"/>
        <line num="63" count="6" type="stmt"/>
        <line num="65" count="6" type="stmt"/>
        <line num="66" count="6" type="stmt"/>
        <line num="67" count="6" type="stmt"/>
        <line num="68" count="6" type="stmt"/>
        <line num="70" count="6" type="stmt"/>
        <line num="89" count="2" type="stmt"/>
        <line num="91" count="2" type="cond" truecount="1" falsecount="1"/>
        <line num="92" count="2" type="cond" truecount="1" falsecount="1"/>
        <line num="94" count="2" type="cond" truecount="2" falsecount="0"/>
        <line num="95" count="2" type="cond" truecount="1" falsecount="1"/>
        <line num="96" count="0" type="stmt"/>
        <line num="97" count="0" type="stmt"/>
        <line num="100" count="2" type="stmt"/>
        <line num="119" count="0" type="stmt"/>
        <line num="121" count="0" type="cond" truecount="0" falsecount="2"/>
        <line num="122" count="0" type="cond" truecount="0" falsecount="2"/>
        <line num="125" count="0" type="cond" truecount="0" falsecount="4"/>
        <line num="128" count="0" type="cond" truecount="0" falsecount="2"/>
        <line num="129" count="0" type="stmt"/>
        <line num="130" count="0" type="stmt"/>
        <line num="134" count="0" type="cond" truecount="0" falsecount="2"/>
        <line num="135" count="0" type="cond" truecount="0" falsecount="2"/>
        <line num="137" count="0" type="stmt"/>
        <line num="155" count="2" type="stmt"/>
        <line num="156" count="2" type="stmt"/>
        <line num="158" count="2" type="cond" truecount="1" falsecount="1"/>
        <line num="159" count="2" type="cond" truecount="1" falsecount="1"/>
        <line num="160" count="2" type="cond" truecount="3" falsecount="1"/>
        <line num="163" count="2" type="cond" truecount="3" falsecount="1"/>
        <line num="164" count="2" type="cond" truecount="3" falsecount="1"/>
        <line num="166" count="2" type="cond" truecount="1" falsecount="1"/>
        <line num="167" count="2" type="cond" truecount="1" falsecount="1"/>
        <line num="169" count="2" type="cond" truecount="2" falsecount="0"/>
        <line num="170" count="2" type="cond" truecount="2" falsecount="0"/>
        <line num="173" count="2" type="cond" truecount="1" falsecount="1"/>
        <line num="176" count="2" type="cond" truecount="1" falsecount="1"/>
        <line num="178" count="2" type="stmt"/>
        <line num="179" count="2" type="stmt"/>
        <line num="180" count="2" type="stmt"/>
        <line num="182" count="2" type="stmt"/>
        <line num="190" count="2" type="stmt"/>
        <line num="193" count="2" type="cond" truecount="1" falsecount="1"/>
        <line num="194" count="2" type="stmt"/>
        <line num="195" count="2" type="cond" truecount="1" falsecount="1"/>
        <line num="199" count="2" type="stmt"/>
        <line num="213" count="2" type="stmt"/>
        <line num="227" count="2" type="stmt"/>
        <line num="228" count="2" type="cond" truecount="1" falsecount="1"/>
        <line num="231" count="2" type="cond" truecount="1" falsecount="1"/>
        <line num="232" count="0" type="stmt"/>
        <line num="233" count="0" type="cond" truecount="0" falsecount="2"/>
        <line num="237" count="8" type="cond" truecount="2" falsecount="0"/>
        <line num="238" count="2" type="stmt"/>
        <line num="239" count="2" type="stmt"/>
        <line num="241" count="2" type="stmt"/>
        <line num="251" count="8" type="cond" truecount="4" falsecount="0"/>
        <line num="253" count="2" type="stmt"/>
      </file>
      <file name="cmDecomposition.ts" path="C:\Users\Erik\OneDrive\Desktop\SaaS\ShopifySaaS\shopify-profit-engine\apps\backend\src\domain\insights\cmDecomposition.ts">
        <metrics statements="2" coveredstatements="1" conditionals="0" coveredconditionals="0" methods="2" coveredmethods="1"/>
        <line num="50" count="2" type="stmt"/>
        <line num="63" count="0" type="stmt"/>
      </file>
      <file name="cmDecomposition.utils.ts" path="C:\Users\Erik\OneDrive\Desktop\SaaS\ShopifySaaS\shopify-profit-engine\apps\backend\src\domain\insights\cmDecomposition.utils.ts">
        <metrics statements="5" coveredstatements="5" conditionals="9" coveredconditionals="7" methods="3" coveredmethods="3"/>
        <line num="6" count="16" type="cond" truecount="4" falsecount="1"/>
        <line num="7" count="16" type="stmt"/>
        <line num="11" count="4" type="cond" truecount="3" falsecount="1"/>
        <line num="12" count="4" type="stmt"/>
        <line num="16" count="10" type="stmt"/>
      </file>
      <file name="marginDrift.ts" path="C:\Users\Erik\OneDrive\Desktop\SaaS\ShopifySaaS\shopify-profit-engine\apps\backend\src\domain\insights\marginDrift.ts">
        <metrics statements="48" coveredstatements="46" conditionals="70" coveredconditionals="45" methods="9" coveredmethods="9"/>
        <line num="64" count="8" type="cond" truecount="4" falsecount="0"/>
        <line num="68" count="4" type="stmt"/>
        <line num="69" count="8" type="cond" truecount="2" falsecount="0"/>
        <line num="71" count="4" type="stmt"/>
        <line num="72" count="4" type="cond" truecount="1" falsecount="1"/>
        <line num="73" count="0" type="stmt"/>
        <line num="77" count="4" type="stmt"/>
        <line num="79" count="8" type="cond" truecount="1" falsecount="1"/>
        <line num="81" count="8" type="cond" truecount="1" falsecount="1"/>
        <line num="82" count="8" type="cond" truecount="2" falsecount="0"/>
        <line num="84" count="8" type="cond" truecount="1" falsecount="1"/>
        <line num="85" count="8" type="cond" truecount="1" falsecount="1"/>
        <line num="87" count="8" type="cond" truecount="2" falsecount="0"/>
        <line num="88" count="8" type="cond" truecount="1" falsecount="1"/>
        <line num="90" count="8" type="cond" truecount="2" falsecount="0"/>
        <line num="91" count="8" type="cond" truecount="1" falsecount="1"/>
        <line num="93" count="8" type="stmt"/>
        <line num="110" count="4" type="cond" truecount="3" falsecount="1"/>
        <line num="111" count="4" type="cond" truecount="1" falsecount="1"/>
        <line num="118" count="4" type="cond" truecount="3" falsecount="1"/>
        <line num="134" count="2" type="cond" truecount="1" falsecount="1"/>
        <line num="135" count="2" type="cond" truecount="1" falsecount="1"/>
        <line num="136" count="2" type="cond" truecount="1" falsecount="1"/>
        <line num="137" count="2" type="cond" truecount="1" falsecount="1"/>
        <line num="139" count="2" type="cond" truecount="1" falsecount="1"/>
        <line num="140" count="2" type="cond" truecount="1" falsecount="1"/>
        <line num="141" count="2" type="cond" truecount="1" falsecount="1"/>
        <line num="143" count="2" type="cond" truecount="1" falsecount="1"/>
        <line num="144" count="2" type="cond" truecount="1" falsecount="1"/>
        <line num="146" count="2" type="cond" truecount="3" falsecount="1"/>
        <line num="148" count="2" type="stmt"/>
        <line num="149" count="2" type="stmt"/>
        <line num="151" count="2" type="stmt"/>
        <line num="152" count="2" type="stmt"/>
        <line num="154" count="2" type="stmt"/>
        <line num="156" count="2" type="stmt"/>
        <line num="157" count="2" type="cond" truecount="2" falsecount="2"/>
        <line num="158" count="2" type="cond" truecount="1" falsecount="1"/>
        <line num="159" count="0" type="stmt"/>
        <line num="160" count="2" type="stmt"/>
        <line num="163" count="2" type="cond" truecount="1" falsecount="1"/>
        <line num="168" count="2" type="stmt"/>
        <line num="169" count="2" type="cond" truecount="2" falsecount="0"/>
        <line num="171" count="2" type="cond" truecount="1" falsecount="1"/>
        <line num="172" count="2" type="stmt"/>
        <line num="183" count="2" type="stmt"/>
        <line num="194" count="2" type="stmt"/>
        <line num="197" count="2" type="stmt"/>
      </file>
      <file name="profitKillers.daily.ts" path="C:\Users\Erik\OneDrive\Desktop\SaaS\ShopifySaaS\shopify-profit-engine\apps\backend\src\domain\insights\profitKillers.daily.ts">
        <metrics statements="20" coveredstatements="20" conditionals="22" coveredconditionals="17" methods="5" coveredmethods="5"/>
        <line num="5" count="6" type="stmt"/>
        <line num="6" count="9" type="stmt"/>
        <line num="7" count="9" type="stmt"/>
        <line num="20" count="6" type="stmt"/>
        <line num="36" count="6" type="stmt"/>
        <line num="37" count="9" type="cond" truecount="3" falsecount="1"/>
        <line num="40" count="9" type="cond" truecount="2" falsecount="0"/>
        <line num="53" count="9" type="stmt"/>
        <line num="55" count="9" type="stmt"/>
        <line num="56" count="9" type="stmt"/>
        <line num="58" count="9" type="stmt"/>
        <line num="59" count="9" type="stmt"/>
        <line num="61" count="9" type="stmt"/>
        <line num="62" count="9" type="stmt"/>
        <line num="64" count="9" type="stmt"/>
        <line num="65" count="9" type="stmt"/>
        <line num="67" count="9" type="stmt"/>
        <line num="70" count="6" type="stmt"/>
        <line num="71" count="9" type="stmt"/>
        <line num="87" count="3" type="stmt"/>
      </file>
      <file name="profitKillers.orders.ts" path="C:\Users\Erik\OneDrive\Desktop\SaaS\ShopifySaaS\shopify-profit-engine\apps\backend\src\domain\insights\profitKillers.orders.ts">
        <metrics statements="14" coveredstatements="14" conditionals="13" coveredconditionals="7" methods="8" coveredmethods="8"/>
        <line num="5" count="6" type="stmt"/>
        <line num="6" count="9" type="cond" truecount="1" falsecount="1"/>
        <line num="7" count="9" type="cond" truecount="2" falsecount="0"/>
        <line num="8" count="9" type="cond" truecount="1" falsecount="1"/>
        <line num="9" count="9" type="cond" truecount="1" falsecount="1"/>
        <line num="11" count="9" type="stmt"/>
        <line num="12" count="9" type="stmt"/>
        <line num="14" count="9" type="stmt"/>
        <line num="26" count="18" type="stmt"/>
        <line num="30" count="12" type="cond" truecount="1" falsecount="2"/>
        <line num="34" count="6" type="stmt"/>
        <line num="36" count="3" type="stmt"/>
        <line num="41" count="6" type="stmt"/>
        <line num="43" count="3" type="stmt"/>
      </file>
      <file name="profitKillers.products.ts" path="C:\Users\Erik\OneDrive\Desktop\SaaS\ShopifySaaS\shopify-profit-engine\apps\backend\src\domain\insights\profitKillers.products.ts">
        <metrics statements="5" coveredstatements="5" conditionals="3" coveredconditionals="1" methods="5" coveredmethods="5"/>
        <line num="3" count="4" type="cond" truecount="1" falsecount="2"/>
        <line num="7" count="6" type="stmt"/>
        <line num="8" count="1" type="stmt"/>
        <line num="13" count="6" type="stmt"/>
        <line num="14" count="1" type="stmt"/>
      </file>
      <file name="profitKillers.totals.ts" path="C:\Users\Erik\OneDrive\Desktop\SaaS\ShopifySaaS\shopify-profit-engine\apps\backend\src\domain\insights\profitKillers.totals.ts">
        <metrics statements="13" coveredstatements="13" conditionals="20" coveredconditionals="15" methods="5" coveredmethods="5"/>
        <line num="15" count="6" type="stmt"/>
        <line num="17" count="9" type="stmt"/>
        <line num="18" count="9" type="cond" truecount="1" falsecount="1"/>
        <line num="19" count="9" type="cond" truecount="2" falsecount="0"/>
        <line num="20" count="9" type="cond" truecount="1" falsecount="1"/>
        <line num="21" count="9" type="cond" truecount="2" falsecount="0"/>
        <line num="22" count="9" type="cond" truecount="1" falsecount="1"/>
        <line num="23" count="9" type="cond" truecount="1" falsecount="1"/>
        <line num="24" count="9" type="stmt"/>
        <line num="39" count="6" type="cond" truecount="1" falsecount="1"/>
        <line num="43" count="6" type="cond" truecount="4" falsecount="0"/>
        <line num="52" count="6" type="stmt"/>
        <line num="54" count="6" type="stmt"/>
      </file>
      <file name="profitKillers.ts" path="C:\Users\Erik\OneDrive\Desktop\SaaS\ShopifySaaS\shopify-profit-engine\apps\backend\src\domain\insights\profitKillers.ts">
        <metrics statements="35" coveredstatements="35" conditionals="36" coveredconditionals="30" methods="5" coveredmethods="5"/>
        <line num="22" count="6" type="stmt"/>
        <line num="23" count="6" type="cond" truecount="2" falsecount="0"/>
        <line num="25" count="6" type="cond" truecount="1" falsecount="1"/>
        <line num="27" count="6" type="stmt"/>
        <line num="28" count="6" type="stmt"/>
        <line num="29" count="6" type="stmt"/>
        <line num="31" count="6" type="stmt"/>
        <line num="33" count="9" type="stmt"/>
        <line num="35" count="6" type="stmt"/>
        <line num="37" count="6" type="stmt"/>
        <line num="38" count="6" type="stmt"/>
        <line num="40" count="6" type="stmt"/>
        <line num="41" count="6" type="stmt"/>
        <line num="43" count="6" type="stmt"/>
        <line num="61" count="6" type="stmt"/>
        <line num="69" count="9" type="stmt"/>
        <line num="89" count="9" type="cond" truecount="2" falsecount="0"/>
        <line num="93" count="6" type="stmt"/>
        <line num="105" count="6" type="stmt"/>
        <line num="107" count="6" type="stmt"/>
        <line num="108" count="6" type="cond" truecount="2" falsecount="0"/>
        <line num="113" count="6" type="stmt"/>
        <line num="115" count="6" type="stmt"/>
        <line num="126" count="6" type="cond" truecount="1" falsecount="1"/>
        <line num="131" count="6" type="cond" truecount="2" falsecount="0"/>
        <line num="143" count="6" type="cond" truecount="2" falsecount="0"/>
        <line num="149" count="6" type="cond" truecount="4" falsecount="0"/>
        <line num="155" count="6" type="cond" truecount="1" falsecount="1"/>
        <line num="156" count="6" type="stmt"/>
        <line num="157" count="6" type="cond" truecount="2" falsecount="0"/>
        <line num="159" count="6" type="stmt"/>
        <line num="178" count="6" type="stmt"/>
        <line num="185" count="6" type="stmt"/>
        <line num="187" count="6" type="stmt"/>
        <line num="189" count="6" type="stmt"/>
      </file>
      <file name="profitKillers.unified.ts" path="C:\Users\Erik\OneDrive\Desktop\SaaS\ShopifySaaS\shopify-profit-engine\apps\backend\src\domain\insights\profitKillers.unified.ts">
        <metrics statements="11" coveredstatements="11" conditionals="62" coveredconditionals="44" methods="3" coveredmethods="3"/>
        <line num="44" count="6" type="stmt"/>
        <line num="46" count="6" type="stmt"/>
        <line num="47" count="6" type="stmt"/>
        <line num="49" count="6" type="cond" truecount="2" falsecount="0"/>
        <line num="50" count="6" type="cond" truecount="2" falsecount="0"/>
        <line num="53" count="6" type="stmt"/>
        <line num="54" count="6" type="stmt"/>
        <line num="60" count="6" type="stmt"/>
        <line num="66" count="6" type="cond" truecount="1" falsecount="1"/>
        <line num="72" count="6" type="stmt"/>
        <line num="74" count="6" type="stmt"/>
      </file>
      <file name="shippingSubsidy.ts" path="C:\Users\Erik\OneDrive\Desktop\SaaS\ShopifySaaS\shopify-profit-engine\apps\backend\src\domain\insights\shippingSubsidy.ts">
        <metrics statements="9" coveredstatements="9" conditionals="16" coveredconditionals="12" methods="1" coveredmethods="1"/>
        <line num="11" count="7" type="stmt"/>
        <line num="12" count="7" type="cond" truecount="2" falsecount="0"/>
        <line num="14" count="5" type="cond" truecount="1" falsecount="1"/>
        <line num="15" count="7" type="cond" truecount="1" falsecount="1"/>
        <line num="16" count="7" type="cond" truecount="1" falsecount="1"/>
        <line num="17" count="7" type="cond" truecount="2" falsecount="0"/>
        <line num="19" count="7" type="cond" truecount="4" falsecount="0"/>
        <line num="21" count="3" type="cond" truecount="1" falsecount="1"/>
        <line num="23" count="7" type="stmt"/>
      </file>
      <file name="utils.ts" path="C:\Users\Erik\OneDrive\Desktop\SaaS\ShopifySaaS\shopify-profit-engine\apps\backend\src\domain\insights\utils.ts">
        <metrics statements="49" coveredstatements="48" conditionals="70" coveredconditionals="55" methods="6" coveredmethods="6"/>
        <line num="5" count="15" type="stmt"/>
        <line num="12" count="151" type="cond" truecount="4" falsecount="1"/>
        <line num="13" count="151" type="stmt"/>
        <line num="17" count="9" type="cond" truecount="1" falsecount="1"/>
        <line num="18" count="9" type="cond" truecount="1" falsecount="1"/>
        <line num="22" count="9" type="stmt"/>
        <line num="24" count="9" type="cond" truecount="1" falsecount="1"/>
        <line num="25" count="9" type="cond" truecount="2" falsecount="0"/>
        <line num="26" count="9" type="cond" truecount="1" falsecount="1"/>
        <line num="27" count="9" type="cond" truecount="1" falsecount="1"/>
        <line num="28" count="9" type="cond" truecount="1" falsecount="1"/>
        <line num="29" count="9" type="cond" truecount="1" falsecount="1"/>
        <line num="31" count="9" type="stmt"/>
        <line num="32" count="9" type="stmt"/>
        <line num="34" count="9" type="cond" truecount="2" falsecount="0"/>
        <line num="35" count="9" type="cond" truecount="3" falsecount="1"/>
        <line num="36" count="9" type="cond" truecount="4" falsecount="0"/>
        <line num="37" count="9" type="cond" truecount="4" falsecount="0"/>
        <line num="40" count="9" type="cond" truecount="3" falsecount="0"/>
        <line num="41" count="9" type="cond" truecount="2" falsecount="0"/>
        <line num="43" count="9" type="stmt"/>
        <line num="60" count="6" type="stmt"/>
        <line num="61" count="6" type="stmt"/>
        <line num="63" count="6" type="stmt"/>
        <line num="64" count="6" type="stmt"/>
        <line num="66" count="6" type="stmt"/>
        <line num="68" count="9" type="cond" truecount="2" falsecount="0"/>
        <line num="69" count="9" type="stmt"/>
        <line num="74" count="6" type="cond" truecount="2" falsecount="0"/>
        <line num="75" count="2" type="stmt"/>
        <line num="78" count="6" type="cond" truecount="1" falsecount="1"/>
        <line num="79" count="0" type="stmt"/>
        <line num="84" count="6" type="cond" truecount="2" falsecount="0"/>
        <line num="85" count="1" type="stmt"/>
        <line num="90" count="6" type="cond" truecount="2" falsecount="0"/>
        <line num="91" count="1" type="stmt"/>
        <line num="96" count="6" type="cond" truecount="2" falsecount="0"/>
        <line num="97" count="5" type="stmt"/>
        <line num="101" count="1" type="stmt"/>
        <line num="104" count="6" type="stmt"/>
        <line num="105" count="3" type="cond" truecount="2" falsecount="2"/>
        <line num="108" count="6" type="stmt"/>
        <line num="109" count="6" type="cond" truecount="2" falsecount="2"/>
        <line num="110" count="6" type="cond" truecount="2" falsecount="0"/>
        <line num="111" count="6" type="cond" truecount="1" falsecount="1"/>
        <line num="112" count="6" type="cond" truecount="2" falsecount="0"/>
        <line num="113" count="6" type="cond" truecount="2" falsecount="0"/>
        <line num="114" count="6" type="cond" truecount="2" falsecount="0"/>
        <line num="117" count="6" type="stmt"/>
      </file>
    </package>
    <package name="src.domain.opportunities">
      <metrics statements="122" coveredstatements="105" conditionals="231" coveredconditionals="159" methods="15" coveredmethods="15"/>
      <file name="deepDive.ts" path="C:\Users\Erik\OneDrive\Desktop\SaaS\ShopifySaaS\shopify-profit-engine\apps\backend\src\domain\opportunities\deepDive.ts">
        <metrics statements="0" coveredstatements="0" conditionals="0" coveredconditionals="0" methods="0" coveredmethods="0"/>
      </file>
      <file name="scoring.ts" path="C:\Users\Erik\OneDrive\Desktop\SaaS\ShopifySaaS\shopify-profit-engine\apps\backend\src\domain\opportunities\scoring.ts">
        <metrics statements="39" coveredstatements="36" conditionals="33" coveredconditionals="23" methods="6" coveredmethods="6"/>
        <line num="6" count="111" type="cond" truecount="1" falsecount="1"/>
        <line num="7" count="111" type="stmt"/>
        <line num="11" count="111" type="stmt"/>
        <line num="12" count="111" type="cond" truecount="1" falsecount="1"/>
        <line num="23" count="37" type="cond" truecount="8" falsecount="3"/>
        <line num="25" count="1" type="stmt"/>
        <line num="27" count="7" type="stmt"/>
        <line num="29" count="9" type="stmt"/>
        <line num="31" count="9" type="stmt"/>
        <line num="33" count="1" type="stmt"/>
        <line num="35" count="5" type="stmt"/>
        <line num="37" count="4" type="stmt"/>
        <line num="39" count="1" type="stmt"/>
        <line num="43" count="0" type="stmt"/>
        <line num="45" count="0" type="stmt"/>
        <line num="48" count="0" type="stmt"/>
        <line num="58" count="37" type="stmt"/>
        <line num="61" count="37" type="stmt"/>
        <line num="63" count="37" type="cond" truecount="1" falsecount="1"/>
        <line num="65" count="37" type="stmt"/>
        <line num="67" count="37" type="stmt"/>
        <line num="81" count="37" type="stmt"/>
        <line num="82" count="132" type="cond" truecount="2" falsecount="0"/>
        <line num="83" count="33" type="stmt"/>
        <line num="84" count="33" type="stmt"/>
        <line num="88" count="37" type="cond" truecount="5" falsecount="1"/>
        <line num="90" count="37" type="stmt"/>
        <line num="98" count="37" type="stmt"/>
        <line num="99" count="37" type="cond" truecount="1" falsecount="1"/>
        <line num="100" count="37" type="cond" truecount="1" falsecount="1"/>
        <line num="101" count="37" type="cond" truecount="2" falsecount="0"/>
        <line num="102" count="32" type="stmt"/>
        <line num="115" count="37" type="stmt"/>
        <line num="117" count="37" type="stmt"/>
        <line num="118" count="37" type="stmt"/>
        <line num="119" count="37" type="stmt"/>
        <line num="122" count="37" type="stmt"/>
        <line num="123" count="37" type="cond" truecount="1" falsecount="1"/>
        <line num="125" count="37" type="stmt"/>
      </file>
      <file name="unifiedOpportunityRanking.ts" path="C:\Users\Erik\OneDrive\Desktop\SaaS\ShopifySaaS\shopify-profit-engine\apps\backend\src\domain\opportunities\unifiedOpportunityRanking.ts">
        <metrics statements="83" coveredstatements="69" conditionals="198" coveredconditionals="136" methods="9" coveredmethods="9"/>
        <line num="9" count="74" type="cond" truecount="1" falsecount="1"/>
        <line num="10" count="74" type="cond" truecount="2" falsecount="0"/>
        <line num="19" count="36" type="cond" truecount="4" falsecount="0"/>
        <line num="20" count="18" type="stmt"/>
        <line num="21" count="18" type="cond" truecount="1" falsecount="1"/>
        <line num="22" count="18" type="stmt"/>
        <line num="26" count="9" type="cond" truecount="3" falsecount="1"/>
        <line num="27" count="9" type="stmt"/>
        <line num="28" count="9" type="cond" truecount="1" falsecount="1"/>
        <line num="29" count="9" type="stmt"/>
        <line num="64" count="37" type="cond" truecount="2" falsecount="0"/>
        <line num="65" count="37" type="stmt"/>
        <line num="67" count="37" type="stmt"/>
        <line num="74" count="37" type="cond" truecount="8" falsecount="3"/>
        <line num="76" count="9" type="stmt"/>
        <line num="77" count="9" type="stmt"/>
        <line num="87" count="7" type="stmt"/>
        <line num="88" count="7" type="stmt"/>
        <line num="98" count="1" type="cond" truecount="1" falsecount="1"/>
        <line num="99" count="1" type="stmt"/>
        <line num="111" count="9" type="stmt"/>
        <line num="112" count="9" type="stmt"/>
        <line num="122" count="5" type="stmt"/>
        <line num="123" count="5" type="stmt"/>
        <line num="133" count="4" type="stmt"/>
        <line num="134" count="4" type="stmt"/>
        <line num="135" count="4" type="stmt"/>
        <line num="149" count="1" type="stmt"/>
        <line num="150" count="1" type="stmt"/>
        <line num="164" count="1" type="stmt"/>
        <line num="165" count="1" type="stmt"/>
        <line num="166" count="1" type="stmt"/>
        <line num="167" count="1" type="stmt"/>
        <line num="184" count="0" type="stmt"/>
        <line num="185" count="0" type="stmt"/>
        <line num="195" count="0" type="stmt"/>
        <line num="196" count="0" type="stmt"/>
        <line num="209" count="0" type="stmt"/>
        <line num="225" count="37" type="stmt"/>
        <line num="231" count="37" type="stmt"/>
        <line num="234" count="37" type="stmt"/>
        <line num="266" count="37" type="stmt"/>
        <line num="272" count="37" type="stmt"/>
        <line num="284" count="37" type="cond" truecount="2" falsecount="0"/>
        <line num="351" count="16" type="cond" truecount="1" falsecount="1"/>
        <line num="352" count="16" type="cond" truecount="1" falsecount="1"/>
        <line num="353" count="16" type="cond" truecount="2" falsecount="0"/>
        <line num="355" count="16" type="stmt"/>
        <line num="358" count="16" type="cond" truecount="2" falsecount="0"/>
        <line num="359" count="5" type="stmt"/>
        <line num="379" count="16" type="cond" truecount="2" falsecount="0"/>
        <line num="380" count="4" type="stmt"/>
        <line num="401" count="16" type="cond" truecount="2" falsecount="0"/>
        <line num="402" count="9" type="stmt"/>
        <line num="422" count="16" type="cond" truecount="2" falsecount="0"/>
        <line num="423" count="7" type="stmt"/>
        <line num="443" count="16" type="cond" truecount="2" falsecount="0"/>
        <line num="444" count="16" type="cond" truecount="2" falsecount="0"/>
        <line num="446" count="16" type="cond" truecount="4" falsecount="0"/>
        <line num="447" count="1" type="stmt"/>
        <line num="465" count="16" type="cond" truecount="2" falsecount="0"/>
        <line num="466" count="9" type="stmt"/>
        <line num="486" count="16" type="cond" truecount="6" falsecount="0"/>
        <line num="487" count="1" type="stmt"/>
        <line num="511" count="16" type="cond" truecount="5" falsecount="1"/>
        <line num="512" count="1" type="stmt"/>
        <line num="535" count="16" type="cond" truecount="2" falsecount="4"/>
        <line num="536" count="0" type="stmt"/>
        <line num="555" count="0" type="cond" truecount="0" falsecount="2"/>
        <line num="556" count="0" type="cond" truecount="0" falsecount="4"/>
        <line num="557" count="0" type="stmt"/>
        <line num="578" count="16" type="stmt"/>
        <line num="579" count="34" type="cond" truecount="1" falsecount="1"/>
        <line num="580" count="34" type="cond" truecount="1" falsecount="1"/>
        <line num="581" count="34" type="cond" truecount="1" falsecount="1"/>
        <line num="583" count="0" type="cond" truecount="0" falsecount="2"/>
        <line num="584" count="34" type="cond" truecount="1" falsecount="1"/>
        <line num="585" count="34" type="cond" truecount="1" falsecount="1"/>
        <line num="587" count="0" type="stmt"/>
        <line num="588" count="0" type="stmt"/>
        <line num="589" count="0" type="cond" truecount="0" falsecount="2"/>
        <line num="591" count="0" type="stmt"/>
        <line num="594" count="16" type="stmt"/>
      </file>
    </package>
    <package name="src.domain.opportunities.deepDive">
      <metrics statements="45" coveredstatements="45" conditionals="126" coveredconditionals="98" methods="20" coveredmethods="20"/>
      <file name="buildOpportunityDeepDive.ts" path="C:\Users\Erik\OneDrive\Desktop\SaaS\ShopifySaaS\shopify-profit-engine\apps\backend\src\domain\opportunities\deepDive\buildOpportunityDeepDive.ts">
        <metrics statements="15" coveredstatements="15" conditionals="20" coveredconditionals="14" methods="3" coveredmethods="3"/>
        <line num="16" count="9" type="stmt"/>
        <line num="18" count="9" type="cond" truecount="1" falsecount="1"/>
        <line num="20" count="9" type="cond" truecount="2" falsecount="0"/>
        <line num="24" count="7" type="stmt"/>
        <line num="26" count="9" type="stmt"/>
        <line num="28" count="9" type="stmt"/>
        <line num="29" count="13" type="stmt"/>
        <line num="30" count="13" type="cond" truecount="2" falsecount="0"/>
        <line num="32" count="12" type="stmt"/>
        <line num="34" count="12" type="stmt"/>
        <line num="36" count="12" type="stmt"/>
        <line num="38" count="12" type="stmt"/>
        <line num="67" count="13" type="stmt"/>
        <line num="70" count="9" type="cond" truecount="2" falsecount="2"/>
        <line num="72" count="9" type="stmt"/>
      </file>
      <file name="deepDive.utils.ts" path="C:\Users\Erik\OneDrive\Desktop\SaaS\ShopifySaaS\shopify-profit-engine\apps\backend\src\domain\opportunities\deepDive\deepDive.utils.ts">
        <metrics statements="13" coveredstatements="13" conditionals="34" coveredconditionals="30" methods="12" coveredmethods="12"/>
        <line num="8" count="15" type="cond" truecount="2" falsecount="0"/>
        <line num="12" count="17" type="cond" truecount="2" falsecount="0"/>
        <line num="14" count="17" type="cond" truecount="2" falsecount="0"/>
        <line num="18" count="52" type="cond" truecount="2" falsecount="0"/>
        <line num="19" count="49" type="stmt"/>
        <line num="23" count="31" type="cond" truecount="2" falsecount="0"/>
        <line num="24" count="101" type="stmt"/>
        <line num="30" count="31" type="stmt"/>
        <line num="34" count="73" type="cond" truecount="4" falsecount="0"/>
        <line num="35" count="86" type="cond" truecount="2" falsecount="0"/>
        <line num="37" count="89" type="cond" truecount="1" falsecount="1"/>
        <line num="39" count="16" type="stmt"/>
        <line num="47" count="31" type="cond" truecount="3" falsecount="1"/>
      </file>
[...]
        <line num="115" count="7" type="cond" truecount="1" falsecount="1"/>
        <line num="116" count="7" type="cond" truecount="1" falsecount="1"/>
        <line num="118" count="7" type="stmt"/>
        <line num="119" count="7" type="cond" truecount="4" falsecount="1"/>
        <line num="120" count="7" type="stmt"/>
        <line num="121" count="7" type="cond" truecount="3" falsecount="1"/>
        <line num="124" count="7" type="stmt"/>
        <line num="132" count="6" type="stmt"/>
        <line num="133" count="6" type="stmt"/>
        <line num="134" count="6" type="stmt"/>
        <line num="137" count="0" type="stmt"/>
        <line num="138" count="0" type="stmt"/>
        <line num="140" count="17" type="stmt"/>
        <line num="141" count="17" type="stmt"/>
        <line num="146" count="52" type="cond" truecount="2" falsecount="0"/>
        <line num="147" count="21" type="stmt"/>
        <line num="151" count="29" type="stmt"/>
        <line num="153" count="29" type="stmt"/>
        <line num="155" count="29" type="cond" truecount="4" falsecount="0"/>
        <line num="156" count="16" type="cond" truecount="4" falsecount="0"/>
        <line num="157" count="1" type="stmt"/>
        <line num="158" count="1" type="stmt"/>
        <line num="160" count="15" type="cond" truecount="4" falsecount="0"/>
        <line num="161" count="1" type="stmt"/>
        <line num="162" count="1" type="stmt"/>
        <line num="163" count="1" type="stmt"/>
        <line num="165" count="14" type="cond" truecount="2" falsecount="0"/>
        <line num="166" count="1" type="stmt"/>
        <line num="171" count="48" type="stmt"/>
        <line num="175" count="0" type="stmt"/>
        <line num="179" count="8" type="stmt"/>
        <line num="180" count="8" type="stmt"/>
        <line num="188" count="10" type="stmt"/>
        <line num="190" count="10" type="stmt"/>
        <line num="191" count="10" type="cond" truecount="3" falsecount="1"/>
        <line num="192" count="0" type="stmt"/>
        <line num="195" count="10" type="stmt"/>
        <line num="197" count="10" type="stmt"/>
        <line num="198" count="10" type="cond" truecount="1" falsecount="1"/>
        <line num="199" count="10" type="cond" truecount="1" falsecount="1"/>
        <line num="200" count="0" type="stmt"/>
        <line num="202" count="10" type="stmt"/>
        <line num="203" count="10" type="cond" truecount="3" falsecount="1"/>
        <line num="204" count="0" type="stmt"/>
        <line num="206" count="10" type="stmt"/>
        <line num="210" count="10" type="cond" truecount="2" falsecount="0"/>
        <line num="211" count="10" type="cond" truecount="4" falsecount="0"/>
        <line num="212" count="7" type="stmt"/>
        <line num="215" count="10" type="stmt"/>
        <line num="222" count="10" type="stmt"/>
        <line num="223" count="10" type="stmt"/>
        <line num="224" count="10" type="stmt"/>
        <line num="228" count="3" type="stmt"/>
        <line num="229" count="3" type="stmt"/>
        <line num="231" count="3" type="stmt"/>
        <line num="232" count="3" type="stmt"/>
        <line num="237" count="3" type="stmt"/>
        <line num="241" count="10" type="stmt"/>
        <line num="242" count="10" type="stmt"/>
        <line num="244" count="10" type="stmt"/>
        <line num="250" count="10" type="stmt"/>
        <line num="251" count="11" type="stmt"/>
        <line num="258" count="10" type="stmt"/>
        <line num="259" count="10" type="stmt"/>
        <line num="260" count="10" type="stmt"/>
        <line num="262" count="10" type="stmt"/>
      </file>
      <file name="costModelOverridesStore.ts" path="C:\Users\Erik\OneDrive\Desktop\SaaS\ShopifySaaS\shopify-profit-engine\apps\backend\src\storage\costModelOverridesStore.ts">
        <metrics statements="58" coveredstatements="50" conditionals="29" coveredconditionals="23" methods="10" coveredmethods="10"/>
        <line num="14" count="17" type="stmt"/>
        <line num="15" count="17" type="stmt"/>
        <line num="16" count="17" type="stmt"/>
        <line num="18" count="17" type="stmt"/>
        <line num="19" count="17" type="stmt"/>
        <line num="20" count="17" type="cond" truecount="1" falsecount="1"/>
        <line num="21" count="0" type="stmt"/>
        <line num="23" count="17" type="stmt"/>
        <line num="27" count="78" type="cond" truecount="1" falsecount="1"/>
        <line num="28" count="78" type="stmt"/>
        <line num="32" count="48" type="stmt"/>
        <line num="33" count="48" type="stmt"/>
        <line num="34" count="21" type="stmt"/>
        <line num="36" count="27" type="stmt"/>
        <line num="41" count="19" type="stmt"/>
        <line num="42" count="19" type="stmt"/>
        <line num="43" count="5" type="stmt"/>
        <line num="45" count="5" type="cond" truecount="4" falsecount="1"/>
        <line num="46" count="0" type="stmt"/>
        <line num="47" count="0" type="stmt"/>
        <line num="48" count="0" type="stmt"/>
        <line num="49" count="0" type="stmt"/>
        <line num="52" count="5" type="stmt"/>
        <line num="58" count="19" type="stmt"/>
        <line num="59" count="19" type="stmt"/>
        <line num="61" count="14" type="stmt"/>
        <line num="62" count="14" type="stmt"/>
        <line num="63" count="14" type="stmt"/>
        <line num="68" count="33" type="cond" truecount="2" falsecount="0"/>
        <line num="69" count="17" type="stmt"/>
        <line num="73" count="18" type="stmt"/>
        <line num="75" count="18" type="stmt"/>
        <line num="77" count="18" type="cond" truecount="4" falsecount="0"/>
        <line num="78" count="7" type="cond" truecount="4" falsecount="0"/>
        <line num="79" count="1" type="stmt"/>
        <line num="80" count="1" type="stmt"/>
        <line num="82" count="6" type="cond" truecount="3" falsecount="1"/>
        <line num="83" count="0" type="stmt"/>
        <line num="84" count="0" type="stmt"/>
        <line num="85" count="0" type="stmt"/>
        <line num="87" count="6" type="cond" truecount="2" falsecount="0"/>
        <line num="88" count="1" type="stmt"/>
        <line num="93" count="16" type="stmt"/>
        <line num="97" count="13" type="stmt"/>
        <line num="101" count="9" type="stmt"/>
        <line num="103" count="9" type="stmt"/>
        <line num="109" count="9" type="stmt"/>
        <line num="111" count="9" type="stmt"/>
        <line num="112" count="9" type="stmt"/>
        <line num="114" count="9" type="stmt"/>
        <line num="115" count="9" type="stmt"/>
        <line num="116" count="9" type="stmt"/>
        <line num="118" count="9" type="stmt"/>
        <line num="122" count="2" type="stmt"/>
        <line num="123" count="2" type="stmt"/>
        <line num="125" count="2" type="stmt"/>
        <line num="126" count="2" type="stmt"/>
        <line num="131" count="2" type="stmt"/>
      </file>
      <file name="shopsStore.ts" path="C:\Users\Erik\OneDrive\Desktop\SaaS\ShopifySaaS\shopify-profit-engine\apps\backend\src\storage\shopsStore.ts">
        <metrics statements="145" coveredstatements="108" conditionals="142" coveredconditionals="76" methods="23" coveredmethods="17"/>
        <line num="43" count="2" type="stmt"/>
        <line num="51" count="2" type="stmt"/>
        <line num="53" count="2" type="stmt"/>
        <line num="70" count="578" type="cond" truecount="1" falsecount="1"/>
        <line num="71" count="578" type="cond" truecount="2" falsecount="0"/>
        <line num="73" count="554" type="stmt"/>
        <line num="74" count="554" type="stmt"/>
        <line num="75" count="554" type="stmt"/>
        <line num="76" count="554" type="stmt"/>
        <line num="78" count="554" type="stmt"/>
        <line num="82" count="276" type="cond" truecount="3" falsecount="1"/>
        <line num="83" count="276" type="stmt"/>
        <line num="88" count="276" type="cond" truecount="2" falsecount="0"/>
        <line num="92" count="55" type="stmt"/>
        <line num="96" count="168" type="cond" truecount="4" falsecount="0"/>
        <line num="97" count="88" type="stmt"/>
        <line num="98" count="88" type="cond" truecount="1" falsecount="1"/>
        <line num="99" count="88" type="cond" truecount="1" falsecount="1"/>
        <line num="103" count="0" type="cond" truecount="0" falsecount="2"/>
        <line num="104" count="0" type="stmt"/>
        <line num="105" count="0" type="cond" truecount="0" falsecount="2"/>
        <line num="106" count="0" type="stmt"/>
        <line num="110" count="39" type="stmt"/>
        <line num="111" count="39" type="stmt"/>
        <line num="114" count="39" type="stmt"/>
        <line num="116" count="39" type="stmt"/>
        <line num="119" count="73" type="cond" truecount="1" falsecount="1"/>
        <line num="120" count="73" type="cond" truecount="1" falsecount="1"/>
        <line num="121" count="73" type="stmt"/>
        <line num="125" count="22" type="cond" truecount="1" falsecount="1"/>
        <line num="126" count="0" type="stmt"/>
        <line num="127" count="0" type="stmt"/>
        <line num="131" count="39" type="stmt"/>
        <line num="133" count="39" type="stmt"/>
        <line num="134" count="39" type="stmt"/>
        <line num="135" count="16" type="stmt"/>
        <line num="137" count="16" type="cond" truecount="4" falsecount="1"/>
        <line num="138" count="0" type="stmt"/>
        <line num="139" count="0" type="stmt"/>
        <line num="142" count="16" type="cond" truecount="3" falsecount="1"/>
        <line num="143" count="39" type="stmt"/>
        <line num="145" count="39" type="stmt"/>
        <line num="146" count="32" type="stmt"/>
        <line num="147" count="32" type="cond" truecount="1" falsecount="1"/>
        <line num="149" count="32" type="cond" truecount="1" falsecount="1"/>
        <line num="150" count="32" type="stmt"/>
        <line num="165" count="16" type="stmt"/>
        <line num="172" count="39" type="stmt"/>
        <line num="173" count="39" type="stmt"/>
        <line num="174" count="16" type="stmt"/>
        <line num="180" count="23" type="stmt"/>
        <line num="181" count="23" type="stmt"/>
        <line num="189" count="54" type="cond" truecount="2" falsecount="0"/>
        <line num="190" count="39" type="stmt"/>
        <line num="191" count="39" type="stmt"/>
        <line num="199" count="23" type="stmt"/>
        <line num="200" count="23" type="stmt"/>
        <line num="202" count="23" type="stmt"/>
        <line num="203" count="23" type="stmt"/>
        <line num="204" count="12" type="stmt"/>
        <line num="205" count="12" type="cond" truecount="1" falsecount="1"/>
        <line num="206" count="0" type="stmt"/>
        <line num="207" count="0" type="stmt"/>
        <line num="209" count="12" type="cond" truecount="1" falsecount="1"/>
        <line num="210" count="0" type="stmt"/>
        <line num="218" count="11" type="stmt"/>
        <line num="219" count="11" type="stmt"/>
        <line num="221" count="11" type="stmt"/>
        <line num="222" count="11" type="stmt"/>
        <line num="224" count="11" type="stmt"/>
        <line num="225" count="11" type="stmt"/>
        <line num="226" count="11" type="stmt"/>
        <line num="228" count="11" type="stmt"/>
        <line num="229" count="11" type="stmt"/>
        <line num="230" count="11" type="stmt"/>
        <line num="237" count="7" type="stmt"/>
        <line num="239" count="7" type="stmt"/>
        <line num="240" count="7" type="cond" truecount="1" falsecount="1"/>
        <line num="241" count="0" type="stmt"/>
        <line num="244" count="7" type="stmt"/>
        <line num="245" count="7" type="cond" truecount="2" falsecount="0"/>
        <line num="247" count="6" type="stmt"/>
        <line num="258" count="8" type="stmt"/>
        <line num="260" count="8" type="stmt"/>
        <line num="261" count="8" type="cond" truecount="1" falsecount="1"/>
        <line num="262" count="0" type="stmt"/>
        <line num="265" count="8" type="cond" truecount="1" falsecount="1"/>
        <line num="266" count="8" type="cond" truecount="1" falsecount="1"/>
        <line num="267" count="0" type="stmt"/>
        <line num="270" count="8" type="stmt"/>
        <line num="272" count="8" type="stmt"/>
        <line num="273" count="8" type="stmt"/>
        <line num="275" count="8" type="cond" truecount="2" falsecount="0"/>
        <line num="276" count="8" type="stmt"/>
        <line num="285" count="8" type="stmt"/>
        <line num="286" count="8" type="stmt"/>
        <line num="288" count="8" type="stmt"/>
        <line num="299" count="2" type="stmt"/>
        <line num="301" count="2" type="stmt"/>
        <line num="302" count="2" type="cond" truecount="1" falsecount="1"/>
        <line num="303" count="0" type="stmt"/>
        <line num="306" count="2" type="stmt"/>
        <line num="307" count="2" type="stmt"/>
        <line num="310" count="2" type="stmt"/>
        <line num="319" count="2" type="stmt"/>
        <line num="323" count="1" type="stmt"/>
        <line num="325" count="1" type="stmt"/>
        <line num="326" count="1" type="cond" truecount="1" falsecount="1"/>
        <line num="328" count="1" type="cond" truecount="1" falsecount="1"/>
        <line num="329" count="1" type="cond" truecount="1" falsecount="1"/>
        <line num="331" count="1" type="stmt"/>
        <line num="333" count="1" type="stmt"/>
        <line num="334" count="1" type="stmt"/>
        <line num="336" count="1" type="stmt"/>
        <line num="345" count="1" type="stmt"/>
        <line num="349" count="0" type="stmt"/>
        <line num="351" count="0" type="stmt"/>
        <line num="352" count="0" type="cond" truecount="0" falsecount="2"/>
        <line num="354" count="0" type="cond" truecount="0" falsecount="2"/>
        <line num="355" count="0" type="cond" truecount="0" falsecount="2"/>
        <line num="357" count="0" type="stmt"/>
        <line num="358" count="0" type="stmt"/>
        <line num="359" count="0" type="stmt"/>
        <line num="361" count="0" type="cond" truecount="0" falsecount="4"/>
        <line num="362" count="0" type="stmt"/>
        <line num="365" count="0" type="cond" truecount="0" falsecount="2"/>
        <line num="366" count="0" type="stmt"/>
        <line num="369" count="0" type="stmt"/>
        <line num="370" count="0" type="cond" truecount="0" falsecount="4"/>
        <line num="371" count="0" type="stmt"/>
        <line num="375" count="0" type="stmt"/>
        <line num="388" count="0" type="stmt"/>
        <line num="392" count="5" type="stmt"/>
        <line num="394" count="5" type="stmt"/>
        <line num="395" count="5" type="cond" truecount="1" falsecount="1"/>
        <line num="397" count="5" type="stmt"/>
        <line num="398" count="5" type="cond" truecount="2" falsecount="0"/>
        <line num="399" count="5" type="cond" truecount="2" falsecount="0"/>
        <line num="400" count="1" type="stmt"/>
        <line num="402" count="4" type="stmt"/>
        <line num="406" count="0" type="stmt"/>
        <line num="407" count="0" type="stmt"/>
        <line num="408" count="0" type="stmt"/>
        <line num="421" count="0" type="stmt"/>
        <line num="422" count="0" type="stmt"/>
      </file>
      <file name="webhookDedupeStore.ts" path="C:\Users\Erik\OneDrive\Desktop\SaaS\ShopifySaaS\shopify-profit-engine\apps\backend\src\storage\webhookDedupeStore.ts">
        <metrics statements="54" coveredstatements="51" conditionals="44" coveredconditionals="28" methods="8" coveredmethods="8"/>
        <line num="15" count="3" type="stmt"/>
        <line num="19" count="4" type="cond" truecount="1" falsecount="1"/>
        <line num="21" count="4" type="cond" truecount="1" falsecount="1"/>
        <line num="22" count="4" type="cond" truecount="1" falsecount="1"/>
        <line num="32" count="2" type="stmt"/>
        <line num="33" count="2" type="stmt"/>
        <line num="35" count="2" type="stmt"/>
        <line num="36" count="2" type="stmt"/>
        <line num="37" count="2" type="cond" truecount="1" falsecount="1"/>
        <line num="38" count="0" type="stmt"/>
        <line num="40" count="2" type="stmt"/>
        <line num="44" count="3" type="cond" truecount="1" falsecount="1"/>
        <line num="45" count="3" type="stmt"/>
        <line num="49" count="3" type="cond" truecount="2" falsecount="0"/>
        <line num="50" count="2" type="stmt"/>
        <line num="52" count="2" type="stmt"/>
        <line num="53" count="2" type="stmt"/>
        <line num="54" count="1" type="stmt"/>
        <line num="56" count="1" type="cond" truecount="4" falsecount="1"/>
        <line num="57" count="0" type="stmt"/>
        <line num="58" count="0" type="stmt"/>
        <line num="61" count="1" type="cond" truecount="3" falsecount="1"/>
        <line num="62" count="3" type="stmt"/>
        <line num="64" count="3" type="stmt"/>
        <line num="65" count="1" type="stmt"/>
        <line num="66" count="1" type="cond" truecount="1" falsecount="1"/>
        <line num="67" count="1" type="cond" truecount="1" falsecount="1"/>
        <line num="68" count="1" type="cond" truecount="1" falsecount="1"/>
        <line num="69" count="1" type="stmt"/>
        <line num="72" count="1" type="stmt"/>
        <line num="79" count="1" type="stmt"/>
        <line num="84" count="2" type="stmt"/>
        <line num="85" count="2" type="stmt"/>
        <line num="86" count="2" type="cond" truecount="1" falsecount="1"/>
        <line num="87" count="2" type="stmt"/>
        <line num="91" count="1" type="stmt"/>
        <line num="92" count="1" type="stmt"/>
        <line num="93" count="1" type="cond" truecount="1" falsecount="1"/>
        <line num="96" count="1" type="cond" truecount="2" falsecount="0"/>
        <line num="104" count="1" type="stmt"/>
        <line num="105" count="1" type="stmt"/>
        <line num="108" count="1" type="stmt"/>
        <line num="109" count="1" type="stmt"/>
        <line num="111" count="1" type="stmt"/>
        <line num="112" count="1" type="stmt"/>
        <line num="113" count="1" type="cond" truecount="3" falsecount="1"/>
        <line num="116" count="1" type="stmt"/>
        <line num="117" count="1" type="stmt"/>
        <line num="121" count="1" type="stmt"/>
        <line num="122" count="1" type="stmt"/>
        <line num="125" count="1" type="cond" truecount="1" falsecount="1"/>
        <line num="133" count="1" type="stmt"/>
        <line num="134" count="1" type="stmt"/>
        <line num="135" count="1" type="stmt"/>
      </file>
    </package>
    <package name="src.utils">
      <metrics statements="9" coveredstatements="7" conditionals="7" coveredconditionals="6" methods="5" coveredmethods="3"/>
      <file name="math.ts" path="C:\Users\Erik\OneDrive\Desktop\SaaS\ShopifySaaS\shopify-profit-engine\apps\backend\src\utils\math.ts">
        <metrics statements="4" coveredstatements="4" conditionals="0" coveredconditionals="0" methods="1" coveredmethods="1"/>
        <line num="4" count="30" type="stmt"/>
        <line num="5" count="30" type="stmt"/>
        <line num="6" count="15" type="stmt"/>
        <line num="8" count="30" type="stmt"/>
      </file>
      <file name="money.ts" path="C:\Users\Erik\OneDrive\Desktop\SaaS\ShopifySaaS\shopify-profit-engine\apps\backend\src\utils\money.ts">
        <metrics statements="5" coveredstatements="3" conditionals="7" coveredconditionals="6" methods="4" coveredmethods="2"/>
        <line num="3" count="5301" type="stmt"/>
        <line num="7" count="174" type="cond" truecount="3" falsecount="1"/>
        <line num="8" count="174" type="cond" truecount="2" falsecount="0"/>
        <line num="12" count="0" type="stmt"/>
        <line num="16" count="0" type="stmt"/>
      </file>
    </package>
  </project>
</coverage>
